
///////////////////////////////////
// Efinity Synthesis Started 
// Dec 29, 2023 10:26:32
///////////////////////////////////

[EFX-0010 VERI-ERROR] 'int' is an unknown type (VERI-1556) (/home/amritansh/Downloads/efinity/2023.1/project/Dual_TX_Controller/UART_Controller.v:39)
[EFX-0010 VERI-ERROR] module 'UART_Controller' is ignored due to previous errors (VERI-1072) (/home/amritansh/Downloads/efinity/2023.1/project/Dual_TX_Controller/UART_Controller.v:72)

///////////////////////////////////
// Efinity Synthesis Started 
// Dec 29, 2023 10:35:54
///////////////////////////////////

[EFX-0010 VERI-ERROR] concurrent assignment to a non-net 'received_data' is not permitted (VERI-1195) (/home/amritansh/Downloads/efinity/2023.1/project/Dual_TX_Controller/UART_Controller.v:21)
[EFX-0021 ERROR] Verific elaboration of module 'UART_Controller' failed.

///////////////////////////////////
// Efinity Synthesis Started 
// Dec 29, 2023 10:36:35
///////////////////////////////////

[EFX-0010 VERI-ERROR] external connection to net 'r_RX_DV' is not allowed (VDB-1011) (/home/amritansh/Downloads/efinity/2023.1/project/Dual_TX_Controller/UART_Controller.v:43)
[EFX-0010 VERI-ERROR] external connection to net 'r_RX_DV' is not allowed (VDB-1011) (/home/amritansh/Downloads/efinity/2023.1/project/Dual_TX_Controller/UART_Controller.v:45)
[EFX-0021 ERROR] Verific elaboration of module 'UART_Controller' failed.

///////////////////////////////////
// Efinity Synthesis Started 
// Dec 29, 2023 10:58:42
///////////////////////////////////

[EFX-0010 VERI-ERROR] non-constant loop count limit 200 exceeded (VERI-2568) (/home/amritansh/Downloads/efinity/2023.1/project/Dual_TX_Controller/UART_Controller.v:41)
[EFX-0021 ERROR] Verific elaboration of module 'UART_Controller' failed.

///////////////////////////////////
// Efinity Synthesis Started 
// Dec 29, 2023 11:28:14
///////////////////////////////////

[EFX-0010 VERI-ERROR] syntax error near '[' (VERI-1137) (/home/amritansh/Downloads/efinity/2023.1/project/Dual_TX_Controller/UART_Controller.v:13)
[EFX-0010 VERI-ERROR] syntax error near 'generate' (VERI-1137) (/home/amritansh/Downloads/efinity/2023.1/project/Dual_TX_Controller/UART_Controller.v:41)
[EFX-0010 VERI-ERROR] Verilog 2000 keyword 'generate' used in incorrect context (VERI-2344) (/home/amritansh/Downloads/efinity/2023.1/project/Dual_TX_Controller/UART_Controller.v:41)
[EFX-0010 VERI-ERROR] syntax error near ':' (VERI-1137) (/home/amritansh/Downloads/efinity/2023.1/project/Dual_TX_Controller/UART_Controller.v:43)
[EFX-0010 VERI-ERROR] syntax error near 'endgenerate' (VERI-1137) (/home/amritansh/Downloads/efinity/2023.1/project/Dual_TX_Controller/UART_Controller.v:49)
[EFX-0010 VERI-ERROR] Verilog 2000 keyword 'endgenerate' used in incorrect context (VERI-2344) (/home/amritansh/Downloads/efinity/2023.1/project/Dual_TX_Controller/UART_Controller.v:49)
[EFX-0010 VERI-ERROR] 'i' is not declared (VERI-1128) (/home/amritansh/Downloads/efinity/2023.1/project/Dual_TX_Controller/UART_Controller.v:42)
[EFX-0010 VERI-ERROR] module 'UART_Controller' is ignored due to previous errors (VERI-1072) (/home/amritansh/Downloads/efinity/2023.1/project/Dual_TX_Controller/UART_Controller.v:78)

///////////////////////////////////
// Efinity Synthesis Started 
// Dec 29, 2023 11:28:38
///////////////////////////////////

[EFX-0010 VERI-ERROR] syntax error near 'generate' (VERI-1137) (/home/amritansh/Downloads/efinity/2023.1/project/Dual_TX_Controller/UART_Controller.v:41)
[EFX-0010 VERI-ERROR] Verilog 2000 keyword 'generate' used in incorrect context (VERI-2344) (/home/amritansh/Downloads/efinity/2023.1/project/Dual_TX_Controller/UART_Controller.v:41)
[EFX-0010 VERI-ERROR] syntax error near ':' (VERI-1137) (/home/amritansh/Downloads/efinity/2023.1/project/Dual_TX_Controller/UART_Controller.v:43)
[EFX-0010 VERI-ERROR] syntax error near 'endgenerate' (VERI-1137) (/home/amritansh/Downloads/efinity/2023.1/project/Dual_TX_Controller/UART_Controller.v:49)
[EFX-0010 VERI-ERROR] Verilog 2000 keyword 'endgenerate' used in incorrect context (VERI-2344) (/home/amritansh/Downloads/efinity/2023.1/project/Dual_TX_Controller/UART_Controller.v:49)
[EFX-0010 VERI-ERROR] procedural assignment to a non-register 'i' is not permitted (VERI-1100) (/home/amritansh/Downloads/efinity/2023.1/project/Dual_TX_Controller/UART_Controller.v:42)
[EFX-0010 VERI-ERROR] module 'UART_Controller' is ignored due to previous errors (VERI-1072) (/home/amritansh/Downloads/efinity/2023.1/project/Dual_TX_Controller/UART_Controller.v:78)

///////////////////////////////////
// Efinity Synthesis Started 
// Dec 29, 2023 11:29:34
///////////////////////////////////


///////////////////////////////////
// Efinity Synthesis Started 
// Dec 29, 2023 13:02:37
///////////////////////////////////

[EFX-0010 VERI-ERROR] syntax error near ')' (VERI-1137) (/home/amritansh/Downloads/efinity/2023.1/project/Dual_TX_Controller/UART_Controller.v:58)
[EFX-0010 VERI-ERROR] syntax error near ')' (VERI-1137) (/home/amritansh/Downloads/efinity/2023.1/project/Dual_TX_Controller/UART_Controller.v:68)
[EFX-0010 VERI-ERROR] module 'UART_Controller' is ignored due to previous errors (VERI-1072) (/home/amritansh/Downloads/efinity/2023.1/project/Dual_TX_Controller/UART_Controller.v:77)

///////////////////////////////////
// Efinity Synthesis Started 
// Dec 29, 2023 15:56:01
///////////////////////////////////

[EFX-0010 VERI-ERROR] syntax error near ')' (VERI-1137) (/home/amritansh/Downloads/efinity/2023.1/project/Dual_TX_Controller/UART_Controller.v:60)
[EFX-0010 VERI-ERROR] syntax error near ')' (VERI-1137) (/home/amritansh/Downloads/efinity/2023.1/project/Dual_TX_Controller/UART_Controller.v:70)
[EFX-0010 VERI-ERROR] 'DV' is not declared (VERI-1128) (/home/amritansh/Downloads/efinity/2023.1/project/Dual_TX_Controller/UART_Controller.v:43)
[EFX-0010 VERI-ERROR] 'DV' is not declared (VERI-1128) (/home/amritansh/Downloads/efinity/2023.1/project/Dual_TX_Controller/UART_Controller.v:47)
[EFX-0010 VERI-ERROR] 'DV' is not declared (VERI-1128) (/home/amritansh/Downloads/efinity/2023.1/project/Dual_TX_Controller/UART_Controller.v:48)
[EFX-0010 VERI-ERROR] module 'UART_Controller' is ignored due to previous errors (VERI-1072) (/home/amritansh/Downloads/efinity/2023.1/project/Dual_TX_Controller/UART_Controller.v:79)

///////////////////////////////////
// Efinity Synthesis Started 
// Dec 29, 2023 15:57:26
///////////////////////////////////

[EFX-0010 VERI-ERROR] procedural assignment to a non-register 'DV' is not permitted (VERI-1100) (/home/amritansh/Downloads/efinity/2023.1/project/Dual_TX_Controller/UART_Controller.v:48)
[EFX-0010 VERI-ERROR] module 'UART_Controller' is ignored due to previous errors (VERI-1072) (/home/amritansh/Downloads/efinity/2023.1/project/Dual_TX_Controller/UART_Controller.v:79)

///////////////////////////////////
// Efinity Synthesis Started 
// Dec 29, 2023 15:58:12
///////////////////////////////////

[EFX-0010 VERI-ERROR] procedural assignment to a non-register 'DV' is not permitted (VERI-1100) (/home/amritansh/Downloads/efinity/2023.1/project/Dual_TX_Controller/UART_Controller.v:48)
[EFX-0010 VERI-ERROR] module 'UART_Controller' is ignored due to previous errors (VERI-1072) (/home/amritansh/Downloads/efinity/2023.1/project/Dual_TX_Controller/UART_Controller.v:79)

///////////////////////////////////
// Efinity Synthesis Started 
// Dec 29, 2023 15:58:48
///////////////////////////////////

[EFX-0010 VERI-ERROR] procedural assignment to a non-register 'DV' is not permitted (VERI-1100) (/home/amritansh/Downloads/efinity/2023.1/project/Dual_TX_Controller/UART_Controller.v:48)
[EFX-0010 VERI-ERROR] module 'UART_Controller' is ignored due to previous errors (VERI-1072) (/home/amritansh/Downloads/efinity/2023.1/project/Dual_TX_Controller/UART_Controller.v:79)

///////////////////////////////////
// Efinity Synthesis Started 
// Dec 29, 2023 15:59:15
///////////////////////////////////


///////////////////////////////////
// Efinity Synthesis Started 
// Dec 29, 2023 16:15:05
///////////////////////////////////


///////////////////////////////////
// Efinity Synthesis Started 
// Dec 29, 2023 16:17:16
///////////////////////////////////

[EFX-0010 VERI-ERROR] syntax error near '=' (VERI-1137) (/home/amritansh/Downloads/efinity/2023.1/project/Dual_TX_Controller/UART_Controller.v:9)
[EFX-0010 VERI-ERROR] 'rst' is an unknown type (VERI-1556) (/home/amritansh/Downloads/efinity/2023.1/project/Dual_TX_Controller/UART_Controller.v:9)
[EFX-0010 VERI-ERROR] 'rst' is not declared (VERI-1128) (/home/amritansh/Downloads/efinity/2023.1/project/Dual_TX_Controller/UART_Controller.v:27)
[EFX-0010 VERI-ERROR] 'rst' is not declared (VERI-1128) (/home/amritansh/Downloads/efinity/2023.1/project/Dual_TX_Controller/UART_Controller.v:28)
[EFX-0010 VERI-ERROR] module 'UART_Controller' is ignored due to previous errors (VERI-1072) (/home/amritansh/Downloads/efinity/2023.1/project/Dual_TX_Controller/UART_Controller.v:81)

///////////////////////////////////
// Efinity Synthesis Started 
// Dec 29, 2023 16:17:39
///////////////////////////////////


///////////////////////////////////
// Efinity Synthesis Started 
// Dec 30, 2023 16:01:28
///////////////////////////////////

[EFX-0010 VERI-ERROR] syntax error near 'wire' (VERI-1137) (/home/amritansh/Downloads/efinity/2023.1/project/Dual_TX_Controller/UART_Controller.v:10)
[EFX-0010 VERI-ERROR] Verilog 2000 keyword 'wire' used in incorrect context (VERI-2344) (/home/amritansh/Downloads/efinity/2023.1/project/Dual_TX_Controller/UART_Controller.v:10)
[EFX-0010 VERI-ERROR] syntax error near 'else' (VERI-1137) (/home/amritansh/Downloads/efinity/2023.1/project/Dual_TX_Controller/UART_Controller.v:36)
[EFX-0010 VERI-ERROR] Verilog 2000 keyword 'else' used in incorrect context (VERI-2344) (/home/amritansh/Downloads/efinity/2023.1/project/Dual_TX_Controller/UART_Controller.v:36)
[EFX-0010 VERI-ERROR] syntax error near 'if' (VERI-1137) (/home/amritansh/Downloads/efinity/2023.1/project/Dual_TX_Controller/UART_Controller.v:65)
[EFX-0010 VERI-ERROR] Verilog 2000 keyword 'if' used in incorrect context (VERI-2344) (/home/amritansh/Downloads/efinity/2023.1/project/Dual_TX_Controller/UART_Controller.v:65)
[EFX-0010 VERI-ERROR] syntax error near ';' (VERI-1137) (/home/amritansh/Downloads/efinity/2023.1/project/Dual_TX_Controller/UART_Controller.v:73)
[EFX-0010 VERI-ERROR] syntax error near ';' (VERI-1137) (/home/amritansh/Downloads/efinity/2023.1/project/Dual_TX_Controller/UART_Controller.v:76)
[EFX-0010 VERI-ERROR] syntax error near ';' (VERI-1137) (/home/amritansh/Downloads/efinity/2023.1/project/Dual_TX_Controller/UART_Controller.v:84)

///////////////////////////////////
// Efinity Synthesis Started 
// Dec 30, 2023 16:08:00
///////////////////////////////////

[EFX-0010 VERI-ERROR] syntax error near 'if' (VERI-1137) (/home/amritansh/Downloads/efinity/2023.1/project/Dual_TX_Controller/UART_Controller.v:66)
[EFX-0010 VERI-ERROR] Verilog 2000 keyword 'if' used in incorrect context (VERI-2344) (/home/amritansh/Downloads/efinity/2023.1/project/Dual_TX_Controller/UART_Controller.v:66)
[EFX-0010 VERI-ERROR] syntax error near ';' (VERI-1137) (/home/amritansh/Downloads/efinity/2023.1/project/Dual_TX_Controller/UART_Controller.v:74)
[EFX-0010 VERI-ERROR] syntax error near ';' (VERI-1137) (/home/amritansh/Downloads/efinity/2023.1/project/Dual_TX_Controller/UART_Controller.v:77)
[EFX-0010 VERI-ERROR] syntax error near ';' (VERI-1137) (/home/amritansh/Downloads/efinity/2023.1/project/Dual_TX_Controller/UART_Controller.v:85)

///////////////////////////////////
// Efinity Synthesis Started 
// Dec 30, 2023 16:09:16
///////////////////////////////////

[EFX-0010 VERI-ERROR] syntax error near 'end' (VERI-1137) (/home/amritansh/Downloads/efinity/2023.1/project/Dual_TX_Controller/UART_Controller.v:86)
[EFX-0010 VERI-ERROR] Verilog 2000 keyword 'end' used in incorrect context (VERI-2344) (/home/amritansh/Downloads/efinity/2023.1/project/Dual_TX_Controller/UART_Controller.v:86)
[EFX-0010 VERI-ERROR] syntax error near ';' (VERI-1137) (/home/amritansh/Downloads/efinity/2023.1/project/Dual_TX_Controller/UART_Controller.v:91)

///////////////////////////////////
// Efinity Synthesis Started 
// Dec 30, 2023 16:09:37
///////////////////////////////////

[EFX-0010 VERI-ERROR] syntax error near 'end' (VERI-1137) (/home/amritansh/Downloads/efinity/2023.1/project/Dual_TX_Controller/UART_Controller.v:87)
[EFX-0010 VERI-ERROR] Verilog 2000 keyword 'end' used in incorrect context (VERI-2344) (/home/amritansh/Downloads/efinity/2023.1/project/Dual_TX_Controller/UART_Controller.v:87)
[EFX-0010 VERI-ERROR] syntax error near ';' (VERI-1137) (/home/amritansh/Downloads/efinity/2023.1/project/Dual_TX_Controller/UART_Controller.v:91)

///////////////////////////////////
// Efinity Synthesis Started 
// Dec 30, 2023 16:10:27
///////////////////////////////////

[EFX-0010 VERI-ERROR] syntax error near 'end' (VERI-1137) (/home/amritansh/Downloads/efinity/2023.1/project/Dual_TX_Controller/UART_Controller.v:85)
[EFX-0010 VERI-ERROR] Verilog 2000 keyword 'end' used in incorrect context (VERI-2344) (/home/amritansh/Downloads/efinity/2023.1/project/Dual_TX_Controller/UART_Controller.v:85)
[EFX-0010 VERI-ERROR] syntax error near ';' (VERI-1137) (/home/amritansh/Downloads/efinity/2023.1/project/Dual_TX_Controller/UART_Controller.v:90)

///////////////////////////////////
// Efinity Synthesis Started 
// Dec 30, 2023 16:13:07
///////////////////////////////////

[EFX-0010 VERI-ERROR] syntax error near 'end' (VERI-1137) (/home/amritansh/Downloads/efinity/2023.1/project/Dual_TX_Controller/UART_Controller.v:85)
[EFX-0010 VERI-ERROR] Verilog 2000 keyword 'end' used in incorrect context (VERI-2344) (/home/amritansh/Downloads/efinity/2023.1/project/Dual_TX_Controller/UART_Controller.v:85)
[EFX-0010 VERI-ERROR] syntax error near ';' (VERI-1137) (/home/amritansh/Downloads/efinity/2023.1/project/Dual_TX_Controller/UART_Controller.v:90)

///////////////////////////////////
// Efinity Synthesis Started 
// Dec 30, 2023 16:14:54
///////////////////////////////////

[EFX-0010 VERI-ERROR] syntax error near 'end' (VERI-1137) (/home/amritansh/Downloads/efinity/2023.1/project/Dual_TX_Controller/UART_Controller.v:86)
[EFX-0010 VERI-ERROR] Verilog 2000 keyword 'end' used in incorrect context (VERI-2344) (/home/amritansh/Downloads/efinity/2023.1/project/Dual_TX_Controller/UART_Controller.v:86)
[EFX-0010 VERI-ERROR] syntax error near ';' (VERI-1137) (/home/amritansh/Downloads/efinity/2023.1/project/Dual_TX_Controller/UART_Controller.v:90)

///////////////////////////////////
// Efinity Synthesis Started 
// Dec 30, 2023 16:15:12
///////////////////////////////////

[EFX-0010 VERI-ERROR] syntax error near 'end' (VERI-1137) (/home/amritansh/Downloads/efinity/2023.1/project/Dual_TX_Controller/UART_Controller.v:85)
[EFX-0010 VERI-ERROR] Verilog 2000 keyword 'end' used in incorrect context (VERI-2344) (/home/amritansh/Downloads/efinity/2023.1/project/Dual_TX_Controller/UART_Controller.v:85)
[EFX-0010 VERI-ERROR] syntax error near ';' (VERI-1137) (/home/amritansh/Downloads/efinity/2023.1/project/Dual_TX_Controller/UART_Controller.v:91)

///////////////////////////////////
// Efinity Synthesis Started 
// Dec 30, 2023 16:23:23
///////////////////////////////////

[EFX-0010 VERI-ERROR] syntax error near ':' (VERI-1137) (/home/amritansh/Downloads/efinity/2023.1/project/Dual_TX_Controller/UART_Controller.v:71)
[EFX-0010 VERI-ERROR] syntax error near ':' (VERI-1137) (/home/amritansh/Downloads/efinity/2023.1/project/Dual_TX_Controller/UART_Controller.v:76)
[EFX-0010 VERI-ERROR] syntax error near 'end' (VERI-1137) (/home/amritansh/Downloads/efinity/2023.1/project/Dual_TX_Controller/UART_Controller.v:85)
[EFX-0010 VERI-ERROR] Verilog 2000 keyword 'end' used in incorrect context (VERI-2344) (/home/amritansh/Downloads/efinity/2023.1/project/Dual_TX_Controller/UART_Controller.v:85)
[EFX-0010 VERI-ERROR] syntax error near ';' (VERI-1137) (/home/amritansh/Downloads/efinity/2023.1/project/Dual_TX_Controller/UART_Controller.v:90)

///////////////////////////////////
// Efinity Synthesis Started 
// Dec 30, 2023 16:26:38
///////////////////////////////////

[EFX-0010 VERI-ERROR] syntax error near ':' (VERI-1137) (/home/amritansh/Downloads/efinity/2023.1/project/Dual_TX_Controller/UART_Controller.v:74)
[EFX-0010 VERI-ERROR] syntax error near ':' (VERI-1137) (/home/amritansh/Downloads/efinity/2023.1/project/Dual_TX_Controller/UART_Controller.v:79)
[EFX-0010 VERI-ERROR] syntax error near ':' (VERI-1137) (/home/amritansh/Downloads/efinity/2023.1/project/Dual_TX_Controller/UART_Controller.v:87)
[EFX-0010 VERI-ERROR] syntax error near 'endcase' (VERI-1137) (/home/amritansh/Downloads/efinity/2023.1/project/Dual_TX_Controller/UART_Controller.v:88)
[EFX-0010 VERI-ERROR] Verilog 2000 keyword 'endcase' used in incorrect context (VERI-2344) (/home/amritansh/Downloads/efinity/2023.1/project/Dual_TX_Controller/UART_Controller.v:88)
[EFX-0010 VERI-ERROR] syntax error near ';' (VERI-1137) (/home/amritansh/Downloads/efinity/2023.1/project/Dual_TX_Controller/UART_Controller.v:95)

///////////////////////////////////
// Efinity Synthesis Started 
// Dec 30, 2023 16:29:01
///////////////////////////////////

[EFX-0010 VERI-ERROR] syntax error near ':' (VERI-1137) (/home/amritansh/Downloads/efinity/2023.1/project/Dual_TX_Controller/UART_Controller.v:74)
[EFX-0010 VERI-ERROR] syntax error near ':' (VERI-1137) (/home/amritansh/Downloads/efinity/2023.1/project/Dual_TX_Controller/UART_Controller.v:79)
[EFX-0010 VERI-ERROR] syntax error near 'default' (VERI-1137) (/home/amritansh/Downloads/efinity/2023.1/project/Dual_TX_Controller/UART_Controller.v:87)
[EFX-0010 VERI-ERROR] Verilog 2000 keyword 'default' used in incorrect context (VERI-2344) (/home/amritansh/Downloads/efinity/2023.1/project/Dual_TX_Controller/UART_Controller.v:87)
[EFX-0010 VERI-ERROR] syntax error near 'endcase' (VERI-1137) (/home/amritansh/Downloads/efinity/2023.1/project/Dual_TX_Controller/UART_Controller.v:88)
[EFX-0010 VERI-ERROR] Verilog 2000 keyword 'endcase' used in incorrect context (VERI-2344) (/home/amritansh/Downloads/efinity/2023.1/project/Dual_TX_Controller/UART_Controller.v:88)
[EFX-0010 VERI-ERROR] syntax error near ';' (VERI-1137) (/home/amritansh/Downloads/efinity/2023.1/project/Dual_TX_Controller/UART_Controller.v:95)

///////////////////////////////////
// Efinity Synthesis Started 
// Dec 30, 2023 16:32:13
///////////////////////////////////

[EFX-0010 VERI-ERROR] syntax error near ':' (VERI-1137) (/home/amritansh/Downloads/efinity/2023.1/project/Dual_TX_Controller/UART_Controller.v:74)
[EFX-0010 VERI-ERROR] syntax error near ':' (VERI-1137) (/home/amritansh/Downloads/efinity/2023.1/project/Dual_TX_Controller/UART_Controller.v:79)
[EFX-0010 VERI-ERROR] syntax error near 'default' (VERI-1137) (/home/amritansh/Downloads/efinity/2023.1/project/Dual_TX_Controller/UART_Controller.v:87)
[EFX-0010 VERI-ERROR] Verilog 2000 keyword 'default' used in incorrect context (VERI-2344) (/home/amritansh/Downloads/efinity/2023.1/project/Dual_TX_Controller/UART_Controller.v:87)
[EFX-0010 VERI-ERROR] syntax error near 'endcase' (VERI-1137) (/home/amritansh/Downloads/efinity/2023.1/project/Dual_TX_Controller/UART_Controller.v:88)
[EFX-0010 VERI-ERROR] Verilog 2000 keyword 'endcase' used in incorrect context (VERI-2344) (/home/amritansh/Downloads/efinity/2023.1/project/Dual_TX_Controller/UART_Controller.v:88)
[EFX-0010 VERI-ERROR] syntax error near ';' (VERI-1137) (/home/amritansh/Downloads/efinity/2023.1/project/Dual_TX_Controller/UART_Controller.v:95)

///////////////////////////////////
// Efinity Synthesis Started 
// Dec 30, 2023 16:33:39
///////////////////////////////////

[EFX-0010 VERI-ERROR] syntax error near ':' (VERI-1137) (/home/amritansh/Downloads/efinity/2023.1/project/Dual_TX_Controller/UART_Controller.v:74)
[EFX-0010 VERI-ERROR] syntax error near ':' (VERI-1137) (/home/amritansh/Downloads/efinity/2023.1/project/Dual_TX_Controller/UART_Controller.v:79)
[EFX-0010 VERI-ERROR] syntax error near 'default' (VERI-1137) (/home/amritansh/Downloads/efinity/2023.1/project/Dual_TX_Controller/UART_Controller.v:87)
[EFX-0010 VERI-ERROR] Verilog 2000 keyword 'default' used in incorrect context (VERI-2344) (/home/amritansh/Downloads/efinity/2023.1/project/Dual_TX_Controller/UART_Controller.v:87)
[EFX-0010 VERI-ERROR] syntax error near 'endcase' (VERI-1137) (/home/amritansh/Downloads/efinity/2023.1/project/Dual_TX_Controller/UART_Controller.v:88)
[EFX-0010 VERI-ERROR] Verilog 2000 keyword 'endcase' used in incorrect context (VERI-2344) (/home/amritansh/Downloads/efinity/2023.1/project/Dual_TX_Controller/UART_Controller.v:88)
[EFX-0010 VERI-ERROR] syntax error near ';' (VERI-1137) (/home/amritansh/Downloads/efinity/2023.1/project/Dual_TX_Controller/UART_Controller.v:95)

///////////////////////////////////
// Efinity Synthesis Started 
// Dec 30, 2023 16:34:41
///////////////////////////////////

[EFX-0010 VERI-ERROR] 'PARAMETER' is an unknown type (VERI-1556) (/home/amritansh/Downloads/efinity/2023.1/project/Dual_TX_Controller/UART_Controller.v:19)
[EFX-0010 VERI-ERROR] 'PARAMETER' is an unknown type (VERI-1556) (/home/amritansh/Downloads/efinity/2023.1/project/Dual_TX_Controller/UART_Controller.v:20)
[EFX-0010 VERI-ERROR] 'PARAMETER' is an unknown type (VERI-1556) (/home/amritansh/Downloads/efinity/2023.1/project/Dual_TX_Controller/UART_Controller.v:21)
[EFX-0010 VERI-ERROR] 'Rx_DV' is not declared (VERI-1128) (/home/amritansh/Downloads/efinity/2023.1/project/Dual_TX_Controller/UART_Controller.v:61)
[EFX-0010 VERI-ERROR] procedural assignment to a non-register 'rst' is not permitted (VERI-1100) (/home/amritansh/Downloads/efinity/2023.1/project/Dual_TX_Controller/UART_Controller.v:81)
[EFX-0010 VERI-ERROR] module 'UART_Controller' is ignored due to previous errors (VERI-1072) (/home/amritansh/Downloads/efinity/2023.1/project/Dual_TX_Controller/UART_Controller.v:120)

///////////////////////////////////
// Efinity Synthesis Started 
// Dec 30, 2023 16:35:15
///////////////////////////////////

[EFX-0010 VERI-ERROR] 'PARAMETER' is an unknown type (VERI-1556) (/home/amritansh/Downloads/efinity/2023.1/project/Dual_TX_Controller/UART_Controller.v:19)
[EFX-0010 VERI-ERROR] 'PARAMETER' is an unknown type (VERI-1556) (/home/amritansh/Downloads/efinity/2023.1/project/Dual_TX_Controller/UART_Controller.v:20)
[EFX-0010 VERI-ERROR] 'PARAMETER' is an unknown type (VERI-1556) (/home/amritansh/Downloads/efinity/2023.1/project/Dual_TX_Controller/UART_Controller.v:21)
[EFX-0010 VERI-ERROR] 'Rx_DV' is not declared (VERI-1128) (/home/amritansh/Downloads/efinity/2023.1/project/Dual_TX_Controller/UART_Controller.v:61)
[EFX-0010 VERI-ERROR] procedural assignment to a non-register 'rst' is not permitted (VERI-1100) (/home/amritansh/Downloads/efinity/2023.1/project/Dual_TX_Controller/UART_Controller.v:81)
[EFX-0010 VERI-ERROR] module 'UART_Controller' is ignored due to previous errors (VERI-1072) (/home/amritansh/Downloads/efinity/2023.1/project/Dual_TX_Controller/UART_Controller.v:120)

///////////////////////////////////
// Efinity Synthesis Started 
// Dec 30, 2023 16:36:25
///////////////////////////////////

[EFX-0010 VERI-ERROR] 'Rx_DV' is not declared (VERI-1128) (/home/amritansh/Downloads/efinity/2023.1/project/Dual_TX_Controller/UART_Controller.v:61)
[EFX-0010 VERI-ERROR] procedural assignment to a non-register 'rst' is not permitted (VERI-1100) (/home/amritansh/Downloads/efinity/2023.1/project/Dual_TX_Controller/UART_Controller.v:81)
[EFX-0010 VERI-ERROR] module 'UART_Controller' is ignored due to previous errors (VERI-1072) (/home/amritansh/Downloads/efinity/2023.1/project/Dual_TX_Controller/UART_Controller.v:120)

///////////////////////////////////
// Efinity Synthesis Started 
// Dec 30, 2023 16:37:56
///////////////////////////////////


///////////////////////////////////
// Efinity Synthesis Started 
// Dec 30, 2023 16:43:08
///////////////////////////////////

[EFX-0010 VERI-ERROR] syntax error near 'DV' (VERI-1137) (/home/amritansh/Downloads/efinity/2023.1/project/Dual_TX_Controller/UART_Controller.v:66)
[EFX-0010 VERI-ERROR] module 'UART_Controller' is ignored due to previous errors (VERI-1072) (/home/amritansh/Downloads/efinity/2023.1/project/Dual_TX_Controller/UART_Controller.v:121)

///////////////////////////////////
// Efinity Synthesis Started 
// Dec 30, 2023 16:44:27
///////////////////////////////////


///////////////////////////////////
// Efinity Synthesis Started 
// Dec 30, 2023 16:52:28
///////////////////////////////////

[EFX-0010 VERI-ERROR] syntax error near 'UART_TX' (VERI-1137) (/home/amritansh/Downloads/efinity/2023.1/project/Dual_TX_Controller/UART_Controller.v:107)
[EFX-0010 VERI-ERROR] module 'UART_Controller' is ignored due to previous errors (VERI-1072) (/home/amritansh/Downloads/efinity/2023.1/project/Dual_TX_Controller/UART_Controller.v:127)

///////////////////////////////////
// Efinity Synthesis Started 
// Dec 30, 2023 16:52:46
///////////////////////////////////

[EFX-0010 VERI-ERROR] syntax error near ')' (VERI-1137) (/home/amritansh/Downloads/efinity/2023.1/project/Dual_TX_Controller/UART_Controller.v:111)
[EFX-0010 VERI-ERROR] 'recieved_data' is not declared (VERI-1128) (/home/amritansh/Downloads/efinity/2023.1/project/Dual_TX_Controller/UART_Controller.v:104)
[EFX-0010 VERI-ERROR] module 'UART_Controller' is ignored due to previous errors (VERI-1072) (/home/amritansh/Downloads/efinity/2023.1/project/Dual_TX_Controller/UART_Controller.v:127)

///////////////////////////////////
// Efinity Synthesis Started 
// Dec 30, 2023 16:54:43
///////////////////////////////////

[EFX-0010 VERI-ERROR] 'recieved_data' is not declared (VERI-1128) (/home/amritansh/Downloads/efinity/2023.1/project/Dual_TX_Controller/UART_Controller.v:104)
[EFX-0010 VERI-ERROR] module 'UART_Controller' is ignored due to previous errors (VERI-1072) (/home/amritansh/Downloads/efinity/2023.1/project/Dual_TX_Controller/UART_Controller.v:127)

///////////////////////////////////
// Efinity Synthesis Started 
// Dec 30, 2023 16:57:22
///////////////////////////////////


///////////////////////////////////
// Efinity Synthesis Started 
// Dec 30, 2023 16:57:58
///////////////////////////////////


///////////////////////////////////
// Efinity Synthesis Started 
// Jan 01, 2024 09:58:12
///////////////////////////////////


///////////////////////////////////
// Efinity Synthesis Started 
// Jan 01, 2024 14:34:24
///////////////////////////////////

[EFX-0010 VERI-ERROR] invalid initialization in declaration (VERI-1754) (/home/amritansh/Downloads/efinity/2023.1/project/Dual_TX_Controller/UART_Controller.v:3)
[EFX-0010 VERI-ERROR] module 'UART_Controller' is ignored due to previous errors (VERI-1072) (/home/amritansh/Downloads/efinity/2023.1/project/Dual_TX_Controller/UART_Controller.v:127)

///////////////////////////////////
// Efinity Synthesis Started 
// Jan 01, 2024 14:34:49
///////////////////////////////////


///////////////////////////////////
// Efinity Synthesis Started 
// Jan 01, 2024 14:47:36
///////////////////////////////////


///////////////////////////////////
// Efinity Synthesis Started 
// Jan 01, 2024 14:56:01
///////////////////////////////////


///////////////////////////////////
// Efinity Synthesis Started 
// Jan 01, 2024 14:58:41
///////////////////////////////////


///////////////////////////////////
// Efinity Synthesis Started 
// Jan 01, 2024 15:18:02
///////////////////////////////////


///////////////////////////////////
// Efinity Synthesis Started 
// Jan 01, 2024 15:53:21
///////////////////////////////////


///////////////////////////////////
// Efinity Synthesis Started 
// Jan 01, 2024 16:26:19
///////////////////////////////////


///////////////////////////////////
// Efinity Synthesis Started 
// Jan 01, 2024 16:27:30
///////////////////////////////////


///////////////////////////////////
// Efinity Synthesis Started 
// Jan 01, 2024 16:42:35
///////////////////////////////////


///////////////////////////////////
// Efinity Synthesis Started 
// Jan 01, 2024 16:43:09
///////////////////////////////////


///////////////////////////////////
// Efinity Synthesis Started 
// Jan 01, 2024 16:52:32
///////////////////////////////////

[EFX-0010 VERI-ERROR] syntax error near ':' (VERI-1137) (/home/amritansh/Downloads/efinity/2023.1/project/Dual_TX_Controller/UART_Controller.v:80)
[EFX-0010 VERI-ERROR] syntax error near 'default' (VERI-1137) (/home/amritansh/Downloads/efinity/2023.1/project/Dual_TX_Controller/UART_Controller.v:88)
[EFX-0010 VERI-ERROR] Verilog 2000 keyword 'default' used in incorrect context (VERI-2344) (/home/amritansh/Downloads/efinity/2023.1/project/Dual_TX_Controller/UART_Controller.v:88)
[EFX-0010 VERI-ERROR] syntax error near 'endcase' (VERI-1137) (/home/amritansh/Downloads/efinity/2023.1/project/Dual_TX_Controller/UART_Controller.v:89)
[EFX-0010 VERI-ERROR] Verilog 2000 keyword 'endcase' used in incorrect context (VERI-2344) (/home/amritansh/Downloads/efinity/2023.1/project/Dual_TX_Controller/UART_Controller.v:89)
[EFX-0010 VERI-ERROR] syntax error near ';' (VERI-1137) (/home/amritansh/Downloads/efinity/2023.1/project/Dual_TX_Controller/UART_Controller.v:96)

///////////////////////////////////
// Efinity Synthesis Started 
// Jan 01, 2024 16:55:13
///////////////////////////////////


///////////////////////////////////
// Efinity Synthesis Started 
// Jan 01, 2024 17:10:36
///////////////////////////////////

[EFX-0010 VERI-ERROR] syntax error near 'output' (VERI-1137) (/home/amritansh/Downloads/efinity/2023.1/project/Dual_TX_Controller/UART_Controller.v:7)
[EFX-0010 VERI-ERROR] Verilog 2000 keyword 'output' used in incorrect context (VERI-2344) (/home/amritansh/Downloads/efinity/2023.1/project/Dual_TX_Controller/UART_Controller.v:7)

///////////////////////////////////
// Efinity Synthesis Started 
// Jan 01, 2024 17:11:25
///////////////////////////////////

[EFX-0010 VERI-ERROR] 'led0' is not declared (VERI-1128) (/home/amritansh/Downloads/efinity/2023.1/project/Dual_TX_Controller/UART_Controller.v:84)
[EFX-0010 VERI-ERROR] module 'UART_Controller' is ignored due to previous errors (VERI-1072) (/home/amritansh/Downloads/efinity/2023.1/project/Dual_TX_Controller/UART_Controller.v:129)

///////////////////////////////////
// Efinity Synthesis Started 
// Jan 01, 2024 17:11:48
///////////////////////////////////


///////////////////////////////////
// Efinity Synthesis Started 
// Jan 01, 2024 17:30:12
///////////////////////////////////

