
///////////////////////////////////
// Efinity Synthesis Started 
// Jan 01, 2024 14:56:12
///////////////////////////////////

[EFX-0011 VERI-WARNING] port 'probe5' remains unconnected for this instance (VERI-1927) (/home/amritansh/Downloads/efinity/2023.1/project/Dual_TX_Controller/work_dbg/debug_top.v:120)
[EFX-0011 VERI-WARNING] expression size 256 truncated to fit in target size 64 (VERI-1209) (/home/amritansh/Downloads/efinity/2023.1/project/Dual_TX_Controller/work_dbg/debug_top.v:3589)
[EFX-0011 VERI-WARNING] actual bit length 32 differs from formal bit length 1 for port 'trigger_in' (VERI-1330) (/home/amritansh/Downloads/efinity/2023.1/project/Dual_TX_Controller/work_dbg/debug_top.v:4364)
[EFX-0011 VERI-WARNING] input port 'probe5[0]' remains unconnected for this instance (VDB-1053) (/home/amritansh/Downloads/efinity/2023.1/project/Dual_TX_Controller/work_dbg/debug_top.v:95)
[EFX-0200 WARNING] Removing redundant signal : compared_in[0]. (/home/amritansh/Downloads/efinity/2023.1/project/Dual_TX_Controller/work_dbg/debug_top.v:5459)
[EFX-0200 WARNING] Removing redundant signal : mask_in[0]. (/home/amritansh/Downloads/efinity/2023.1/project/Dual_TX_Controller/work_dbg/debug_top.v:5460)
[EFX-0200 WARNING] Removing redundant signal : trigger_in. (/home/amritansh/Downloads/efinity/2023.1/project/Dual_TX_Controller/work_dbg/debug_top.v:5670)
[EFX-0200 WARNING] Removing redundant signal : trigger_in. (/home/amritansh/Downloads/efinity/2023.1/project/Dual_TX_Controller/work_dbg/debug_top.v:5670)
[EFX-0200 WARNING] Removing redundant signal : din[29]. (/home/amritansh/Downloads/efinity/2023.1/project/Dual_TX_Controller/work_dbg/debug_top.v:4562)
[EFX-0200 WARNING] Removing redundant signal : trig_out. (/home/amritansh/Downloads/efinity/2023.1/project/Dual_TX_Controller/work_dbg/debug_top.v:4841)
[EFX-0200 WARNING] Removing redundant signal : trig_out_ack. (/home/amritansh/Downloads/efinity/2023.1/project/Dual_TX_Controller/work_dbg/debug_top.v:4842)
[EFX-0266 WARNING] Module Instance 'genblk2.global_capture_inst' input pin tied to constant (trigger_in=0).
[EFX-0200 WARNING] Removing redundant signal : bscan_DRCK. (/home/amritansh/Downloads/efinity/2023.1/project/Dual_TX_Controller/work_dbg/debug_top.v:1026)
[EFX-0200 WARNING] Removing redundant signal : bscan_RUNTEST. (/home/amritansh/Downloads/efinity/2023.1/project/Dual_TX_Controller/work_dbg/debug_top.v:1028)
[EFX-0200 WARNING] Removing redundant signal : bscan_SEL. (/home/amritansh/Downloads/efinity/2023.1/project/Dual_TX_Controller/work_dbg/debug_top.v:1029)
[EFX-0200 WARNING] Removing redundant signal : bscan_TMS. (/home/amritansh/Downloads/efinity/2023.1/project/Dual_TX_Controller/work_dbg/debug_top.v:1033)
[EFX-0200 WARNING] Removing redundant signal : trig_in_ack. (/home/amritansh/Downloads/efinity/2023.1/project/Dual_TX_Controller/work_dbg/debug_top.v:1044)
[EFX-0200 WARNING] Removing redundant signal : bscan_CAPTURE. (/home/amritansh/Downloads/efinity/2023.1/project/Dual_TX_Controller/work_dbg/debug_top.v:277)
[EFX-0200 WARNING] Removing redundant signal : bscan_DRCK. (/home/amritansh/Downloads/efinity/2023.1/project/Dual_TX_Controller/work_dbg/debug_top.v:278)
[EFX-0200 WARNING] Removing redundant signal : bscan_RUNTEST. (/home/amritansh/Downloads/efinity/2023.1/project/Dual_TX_Controller/work_dbg/debug_top.v:280)
[EFX-0200 WARNING] Removing redundant signal : bscan_TMS. (/home/amritansh/Downloads/efinity/2023.1/project/Dual_TX_Controller/work_dbg/debug_top.v:285)
[EFX-0266 WARNING] Module Instance 'la0' input pin tied to constant (trig_in=0).
[EFX-0266 WARNING] Module Instance 'la0' input pin tied to constant (trig_out_ack=0).
[EFX-0201 WARNING] Re-wiring to GND non-driven net 'la0.probe5[0]'. (/home/amritansh/Downloads/efinity/2023.1/project/Dual_TX_Controller/work_dbg/debug_top.v:95)
[EFX-0201 WARNING] Re-wiring to GND non-driven net 'la0.probe6[0]'. (/home/amritansh/Downloads/efinity/2023.1/project/Dual_TX_Controller/work_dbg/debug_top.v:95)
[EFX-0201 WARNING] Re-wiring to GND non-driven net 'la0.probe7[0]'. (/home/amritansh/Downloads/efinity/2023.1/project/Dual_TX_Controller/work_dbg/debug_top.v:95)
[EFX-0201 WARNING] Re-wiring to GND non-driven net 'la0.probe8[0]'. (/home/amritansh/Downloads/efinity/2023.1/project/Dual_TX_Controller/work_dbg/debug_top.v:95)
[EFX-0201 WARNING] Re-wiring to GND non-driven net 'la0.probe9[0]'. (/home/amritansh/Downloads/efinity/2023.1/project/Dual_TX_Controller/work_dbg/debug_top.v:95)
[EFX-0201 WARNING] Re-wiring to GND non-driven net 'la0.probe10[0]'. (/home/amritansh/Downloads/efinity/2023.1/project/Dual_TX_Controller/work_dbg/debug_top.v:95)
[EFX-0201 WARNING] Re-wiring to GND non-driven net 'la0.probe11[0]'. (/home/amritansh/Downloads/efinity/2023.1/project/Dual_TX_Controller/work_dbg/debug_top.v:95)
[EFX-0201 WARNING] Re-wiring to GND non-driven net 'la0.probe12[0]'. (/home/amritansh/Downloads/efinity/2023.1/project/Dual_TX_Controller/work_dbg/debug_top.v:95)
[EFX-0201 WARNING] Re-wiring to GND non-driven net 'la0.probe13[0]'. (/home/amritansh/Downloads/efinity/2023.1/project/Dual_TX_Controller/work_dbg/debug_top.v:95)
[EFX-0201 WARNING] Re-wiring to GND non-driven net 'la0.probe14[0]'. (/home/amritansh/Downloads/efinity/2023.1/project/Dual_TX_Controller/work_dbg/debug_top.v:95)
[EFX-0011 VERI-WARNING] Input/Inout Port bscan_DRCK is unconnected and will be removed 
[EFX-0011 VERI-WARNING] Input/Inout Port bscan_RUNTEST is unconnected and will be removed 
[EFX-0011 VERI-WARNING] Input/Inout Port bscan_TMS is unconnected and will be removed 

///////////////////////////////////
// Efinity Synthesis Started 
// Jan 01, 2024 14:56:40
///////////////////////////////////

[EFX-0200 WARNING] Removing redundant signal : la0_clk~O. 
[EFX-0200 WARNING] Removing redundant signal : bscan_TCK~O. 
[EFX-0266 WARNING] Module Instance 'uart_tx1' input pin tied to constant (i_Rst_L=1).
[EFX-0266 WARNING] Module Instance 'uart_tx2' input pin tied to constant (i_Rst_L=1).

///////////////////////////////////
// Efinity Synthesis Started 
// Jan 01, 2024 14:58:51
///////////////////////////////////

[EFX-0011 VERI-WARNING] port 'probe5' remains unconnected for this instance (VERI-1927) (/home/amritansh/Downloads/efinity/2023.1/project/Dual_TX_Controller/work_dbg/debug_top.v:120)
[EFX-0011 VERI-WARNING] expression size 256 truncated to fit in target size 64 (VERI-1209) (/home/amritansh/Downloads/efinity/2023.1/project/Dual_TX_Controller/work_dbg/debug_top.v:3589)
[EFX-0011 VERI-WARNING] actual bit length 32 differs from formal bit length 1 for port 'trigger_in' (VERI-1330) (/home/amritansh/Downloads/efinity/2023.1/project/Dual_TX_Controller/work_dbg/debug_top.v:4364)
[EFX-0011 VERI-WARNING] input port 'probe5[0]' remains unconnected for this instance (VDB-1053) (/home/amritansh/Downloads/efinity/2023.1/project/Dual_TX_Controller/work_dbg/debug_top.v:95)
[EFX-0200 WARNING] Removing redundant signal : compared_in[0]. (/home/amritansh/Downloads/efinity/2023.1/project/Dual_TX_Controller/work_dbg/debug_top.v:5459)
[EFX-0200 WARNING] Removing redundant signal : mask_in[0]. (/home/amritansh/Downloads/efinity/2023.1/project/Dual_TX_Controller/work_dbg/debug_top.v:5460)
[EFX-0200 WARNING] Removing redundant signal : trigger_in. (/home/amritansh/Downloads/efinity/2023.1/project/Dual_TX_Controller/work_dbg/debug_top.v:5670)
[EFX-0200 WARNING] Removing redundant signal : trigger_in. (/home/amritansh/Downloads/efinity/2023.1/project/Dual_TX_Controller/work_dbg/debug_top.v:5670)
[EFX-0200 WARNING] Removing redundant signal : din[29]. (/home/amritansh/Downloads/efinity/2023.1/project/Dual_TX_Controller/work_dbg/debug_top.v:4562)
[EFX-0200 WARNING] Removing redundant signal : trig_out. (/home/amritansh/Downloads/efinity/2023.1/project/Dual_TX_Controller/work_dbg/debug_top.v:4841)
[EFX-0200 WARNING] Removing redundant signal : trig_out_ack. (/home/amritansh/Downloads/efinity/2023.1/project/Dual_TX_Controller/work_dbg/debug_top.v:4842)
[EFX-0266 WARNING] Module Instance 'genblk2.global_capture_inst' input pin tied to constant (trigger_in=0).
[EFX-0200 WARNING] Removing redundant signal : bscan_DRCK. (/home/amritansh/Downloads/efinity/2023.1/project/Dual_TX_Controller/work_dbg/debug_top.v:1026)
[EFX-0200 WARNING] Removing redundant signal : bscan_RUNTEST. (/home/amritansh/Downloads/efinity/2023.1/project/Dual_TX_Controller/work_dbg/debug_top.v:1028)
[EFX-0200 WARNING] Removing redundant signal : bscan_SEL. (/home/amritansh/Downloads/efinity/2023.1/project/Dual_TX_Controller/work_dbg/debug_top.v:1029)
[EFX-0200 WARNING] Removing redundant signal : bscan_TMS. (/home/amritansh/Downloads/efinity/2023.1/project/Dual_TX_Controller/work_dbg/debug_top.v:1033)
[EFX-0200 WARNING] Removing redundant signal : trig_in_ack. (/home/amritansh/Downloads/efinity/2023.1/project/Dual_TX_Controller/work_dbg/debug_top.v:1044)
[EFX-0200 WARNING] Removing redundant signal : bscan_CAPTURE. (/home/amritansh/Downloads/efinity/2023.1/project/Dual_TX_Controller/work_dbg/debug_top.v:277)
[EFX-0200 WARNING] Removing redundant signal : bscan_DRCK. (/home/amritansh/Downloads/efinity/2023.1/project/Dual_TX_Controller/work_dbg/debug_top.v:278)
[EFX-0200 WARNING] Removing redundant signal : bscan_RUNTEST. (/home/amritansh/Downloads/efinity/2023.1/project/Dual_TX_Controller/work_dbg/debug_top.v:280)
[EFX-0200 WARNING] Removing redundant signal : bscan_TMS. (/home/amritansh/Downloads/efinity/2023.1/project/Dual_TX_Controller/work_dbg/debug_top.v:285)
[EFX-0266 WARNING] Module Instance 'la0' input pin tied to constant (trig_in=0).
[EFX-0266 WARNING] Module Instance 'la0' input pin tied to constant (trig_out_ack=0).
[EFX-0201 WARNING] Re-wiring to GND non-driven net 'la0.probe5[0]'. (/home/amritansh/Downloads/efinity/2023.1/project/Dual_TX_Controller/work_dbg/debug_top.v:95)
[EFX-0201 WARNING] Re-wiring to GND non-driven net 'la0.probe6[0]'. (/home/amritansh/Downloads/efinity/2023.1/project/Dual_TX_Controller/work_dbg/debug_top.v:95)
[EFX-0201 WARNING] Re-wiring to GND non-driven net 'la0.probe7[0]'. (/home/amritansh/Downloads/efinity/2023.1/project/Dual_TX_Controller/work_dbg/debug_top.v:95)
[EFX-0201 WARNING] Re-wiring to GND non-driven net 'la0.probe8[0]'. (/home/amritansh/Downloads/efinity/2023.1/project/Dual_TX_Controller/work_dbg/debug_top.v:95)
[EFX-0201 WARNING] Re-wiring to GND non-driven net 'la0.probe9[0]'. (/home/amritansh/Downloads/efinity/2023.1/project/Dual_TX_Controller/work_dbg/debug_top.v:95)
[EFX-0201 WARNING] Re-wiring to GND non-driven net 'la0.probe10[0]'. (/home/amritansh/Downloads/efinity/2023.1/project/Dual_TX_Controller/work_dbg/debug_top.v:95)
[EFX-0201 WARNING] Re-wiring to GND non-driven net 'la0.probe11[0]'. (/home/amritansh/Downloads/efinity/2023.1/project/Dual_TX_Controller/work_dbg/debug_top.v:95)
[EFX-0201 WARNING] Re-wiring to GND non-driven net 'la0.probe12[0]'. (/home/amritansh/Downloads/efinity/2023.1/project/Dual_TX_Controller/work_dbg/debug_top.v:95)
[EFX-0201 WARNING] Re-wiring to GND non-driven net 'la0.probe13[0]'. (/home/amritansh/Downloads/efinity/2023.1/project/Dual_TX_Controller/work_dbg/debug_top.v:95)
[EFX-0201 WARNING] Re-wiring to GND non-driven net 'la0.probe14[0]'. (/home/amritansh/Downloads/efinity/2023.1/project/Dual_TX_Controller/work_dbg/debug_top.v:95)
[EFX-0011 VERI-WARNING] Input/Inout Port bscan_DRCK is unconnected and will be removed 
[EFX-0011 VERI-WARNING] Input/Inout Port bscan_RUNTEST is unconnected and will be removed 
[EFX-0011 VERI-WARNING] Input/Inout Port bscan_TMS is unconnected and will be removed 

///////////////////////////////////
// Efinity Synthesis Started 
// Jan 01, 2024 14:59:19
///////////////////////////////////

[EFX-0200 WARNING] Removing redundant signal : la0_clk~O. 
[EFX-0200 WARNING] Removing redundant signal : bscan_TCK~O. 
[EFX-0266 WARNING] Module Instance 'uart_tx1' input pin tied to constant (i_Rst_L=1).
[EFX-0266 WARNING] Module Instance 'uart_tx2' input pin tied to constant (i_Rst_L=1).

///////////////////////////////////
// Efinity Synthesis Started 
// Jan 01, 2024 15:18:12
///////////////////////////////////

[EFX-0011 VERI-WARNING] port 'probe5' remains unconnected for this instance (VERI-1927) (/home/amritansh/Downloads/efinity/2023.1/project/Dual_TX_Controller/work_dbg/debug_top.v:120)
[EFX-0011 VERI-WARNING] expression size 256 truncated to fit in target size 64 (VERI-1209) (/home/amritansh/Downloads/efinity/2023.1/project/Dual_TX_Controller/work_dbg/debug_top.v:3589)
[EFX-0011 VERI-WARNING] actual bit length 32 differs from formal bit length 1 for port 'trigger_in' (VERI-1330) (/home/amritansh/Downloads/efinity/2023.1/project/Dual_TX_Controller/work_dbg/debug_top.v:4364)
[EFX-0011 VERI-WARNING] input port 'probe5[0]' remains unconnected for this instance (VDB-1053) (/home/amritansh/Downloads/efinity/2023.1/project/Dual_TX_Controller/work_dbg/debug_top.v:95)
[EFX-0200 WARNING] Removing redundant signal : compared_in[0]. (/home/amritansh/Downloads/efinity/2023.1/project/Dual_TX_Controller/work_dbg/debug_top.v:5459)
[EFX-0200 WARNING] Removing redundant signal : mask_in[0]. (/home/amritansh/Downloads/efinity/2023.1/project/Dual_TX_Controller/work_dbg/debug_top.v:5460)
[EFX-0200 WARNING] Removing redundant signal : trigger_in. (/home/amritansh/Downloads/efinity/2023.1/project/Dual_TX_Controller/work_dbg/debug_top.v:5670)
[EFX-0200 WARNING] Removing redundant signal : trigger_in. (/home/amritansh/Downloads/efinity/2023.1/project/Dual_TX_Controller/work_dbg/debug_top.v:5670)
[EFX-0200 WARNING] Removing redundant signal : din[29]. (/home/amritansh/Downloads/efinity/2023.1/project/Dual_TX_Controller/work_dbg/debug_top.v:4562)
[EFX-0200 WARNING] Removing redundant signal : trig_out. (/home/amritansh/Downloads/efinity/2023.1/project/Dual_TX_Controller/work_dbg/debug_top.v:4841)
[EFX-0200 WARNING] Removing redundant signal : trig_out_ack. (/home/amritansh/Downloads/efinity/2023.1/project/Dual_TX_Controller/work_dbg/debug_top.v:4842)
[EFX-0266 WARNING] Module Instance 'genblk2.global_capture_inst' input pin tied to constant (trigger_in=0).
[EFX-0200 WARNING] Removing redundant signal : bscan_DRCK. (/home/amritansh/Downloads/efinity/2023.1/project/Dual_TX_Controller/work_dbg/debug_top.v:1026)
[EFX-0200 WARNING] Removing redundant signal : bscan_RUNTEST. (/home/amritansh/Downloads/efinity/2023.1/project/Dual_TX_Controller/work_dbg/debug_top.v:1028)
[EFX-0200 WARNING] Removing redundant signal : bscan_SEL. (/home/amritansh/Downloads/efinity/2023.1/project/Dual_TX_Controller/work_dbg/debug_top.v:1029)
[EFX-0200 WARNING] Removing redundant signal : bscan_TMS. (/home/amritansh/Downloads/efinity/2023.1/project/Dual_TX_Controller/work_dbg/debug_top.v:1033)
[EFX-0200 WARNING] Removing redundant signal : trig_in_ack. (/home/amritansh/Downloads/efinity/2023.1/project/Dual_TX_Controller/work_dbg/debug_top.v:1044)
[EFX-0200 WARNING] Removing redundant signal : bscan_CAPTURE. (/home/amritansh/Downloads/efinity/2023.1/project/Dual_TX_Controller/work_dbg/debug_top.v:277)
[EFX-0200 WARNING] Removing redundant signal : bscan_DRCK. (/home/amritansh/Downloads/efinity/2023.1/project/Dual_TX_Controller/work_dbg/debug_top.v:278)
[EFX-0200 WARNING] Removing redundant signal : bscan_RUNTEST. (/home/amritansh/Downloads/efinity/2023.1/project/Dual_TX_Controller/work_dbg/debug_top.v:280)
[EFX-0200 WARNING] Removing redundant signal : bscan_TMS. (/home/amritansh/Downloads/efinity/2023.1/project/Dual_TX_Controller/work_dbg/debug_top.v:285)
[EFX-0266 WARNING] Module Instance 'la0' input pin tied to constant (trig_in=0).
[EFX-0266 WARNING] Module Instance 'la0' input pin tied to constant (trig_out_ack=0).
[EFX-0201 WARNING] Re-wiring to GND non-driven net 'la0.probe5[0]'. (/home/amritansh/Downloads/efinity/2023.1/project/Dual_TX_Controller/work_dbg/debug_top.v:95)
[EFX-0201 WARNING] Re-wiring to GND non-driven net 'la0.probe6[0]'. (/home/amritansh/Downloads/efinity/2023.1/project/Dual_TX_Controller/work_dbg/debug_top.v:95)
[EFX-0201 WARNING] Re-wiring to GND non-driven net 'la0.probe7[0]'. (/home/amritansh/Downloads/efinity/2023.1/project/Dual_TX_Controller/work_dbg/debug_top.v:95)
[EFX-0201 WARNING] Re-wiring to GND non-driven net 'la0.probe8[0]'. (/home/amritansh/Downloads/efinity/2023.1/project/Dual_TX_Controller/work_dbg/debug_top.v:95)
[EFX-0201 WARNING] Re-wiring to GND non-driven net 'la0.probe9[0]'. (/home/amritansh/Downloads/efinity/2023.1/project/Dual_TX_Controller/work_dbg/debug_top.v:95)
[EFX-0201 WARNING] Re-wiring to GND non-driven net 'la0.probe10[0]'. (/home/amritansh/Downloads/efinity/2023.1/project/Dual_TX_Controller/work_dbg/debug_top.v:95)
[EFX-0201 WARNING] Re-wiring to GND non-driven net 'la0.probe11[0]'. (/home/amritansh/Downloads/efinity/2023.1/project/Dual_TX_Controller/work_dbg/debug_top.v:95)
[EFX-0201 WARNING] Re-wiring to GND non-driven net 'la0.probe12[0]'. (/home/amritansh/Downloads/efinity/2023.1/project/Dual_TX_Controller/work_dbg/debug_top.v:95)
[EFX-0201 WARNING] Re-wiring to GND non-driven net 'la0.probe13[0]'. (/home/amritansh/Downloads/efinity/2023.1/project/Dual_TX_Controller/work_dbg/debug_top.v:95)
[EFX-0201 WARNING] Re-wiring to GND non-driven net 'la0.probe14[0]'. (/home/amritansh/Downloads/efinity/2023.1/project/Dual_TX_Controller/work_dbg/debug_top.v:95)
[EFX-0011 VERI-WARNING] Input/Inout Port bscan_DRCK is unconnected and will be removed 
[EFX-0011 VERI-WARNING] Input/Inout Port bscan_RUNTEST is unconnected and will be removed 
[EFX-0011 VERI-WARNING] Input/Inout Port bscan_TMS is unconnected and will be removed 

///////////////////////////////////
// Efinity Synthesis Started 
// Jan 01, 2024 15:18:39
///////////////////////////////////

[EFX-0200 WARNING] Removing redundant signal : la0_clk~O. 
[EFX-0200 WARNING] Removing redundant signal : bscan_TCK~O. 
[EFX-0266 WARNING] Module Instance 'uart_tx1' input pin tied to constant (i_Rst_L=1).
[EFX-0266 WARNING] Module Instance 'uart_tx2' input pin tied to constant (i_Rst_L=1).

///////////////////////////////////
// Efinity Synthesis Started 
// Jan 01, 2024 15:53:31
///////////////////////////////////

[EFX-0011 VERI-WARNING] port 'probe5' remains unconnected for this instance (VERI-1927) (/home/amritansh/Downloads/efinity/2023.1/project/Dual_TX_Controller/work_dbg/debug_top.v:120)
[EFX-0011 VERI-WARNING] expression size 256 truncated to fit in target size 64 (VERI-1209) (/home/amritansh/Downloads/efinity/2023.1/project/Dual_TX_Controller/work_dbg/debug_top.v:3589)
[EFX-0011 VERI-WARNING] actual bit length 32 differs from formal bit length 1 for port 'trigger_in' (VERI-1330) (/home/amritansh/Downloads/efinity/2023.1/project/Dual_TX_Controller/work_dbg/debug_top.v:4364)
[EFX-0011 VERI-WARNING] input port 'probe5[0]' remains unconnected for this instance (VDB-1053) (/home/amritansh/Downloads/efinity/2023.1/project/Dual_TX_Controller/work_dbg/debug_top.v:95)
[EFX-0200 WARNING] Removing redundant signal : compared_in[0]. (/home/amritansh/Downloads/efinity/2023.1/project/Dual_TX_Controller/work_dbg/debug_top.v:5459)
[EFX-0200 WARNING] Removing redundant signal : mask_in[0]. (/home/amritansh/Downloads/efinity/2023.1/project/Dual_TX_Controller/work_dbg/debug_top.v:5460)
[EFX-0200 WARNING] Removing redundant signal : trigger_in. (/home/amritansh/Downloads/efinity/2023.1/project/Dual_TX_Controller/work_dbg/debug_top.v:5670)
[EFX-0200 WARNING] Removing redundant signal : trigger_in. (/home/amritansh/Downloads/efinity/2023.1/project/Dual_TX_Controller/work_dbg/debug_top.v:5670)
[EFX-0200 WARNING] Removing redundant signal : din[29]. (/home/amritansh/Downloads/efinity/2023.1/project/Dual_TX_Controller/work_dbg/debug_top.v:4562)
[EFX-0200 WARNING] Removing redundant signal : trig_out. (/home/amritansh/Downloads/efinity/2023.1/project/Dual_TX_Controller/work_dbg/debug_top.v:4841)
[EFX-0200 WARNING] Removing redundant signal : trig_out_ack. (/home/amritansh/Downloads/efinity/2023.1/project/Dual_TX_Controller/work_dbg/debug_top.v:4842)
[EFX-0266 WARNING] Module Instance 'genblk2.global_capture_inst' input pin tied to constant (trigger_in=0).
[EFX-0200 WARNING] Removing redundant signal : bscan_DRCK. (/home/amritansh/Downloads/efinity/2023.1/project/Dual_TX_Controller/work_dbg/debug_top.v:1026)
[EFX-0200 WARNING] Removing redundant signal : bscan_RUNTEST. (/home/amritansh/Downloads/efinity/2023.1/project/Dual_TX_Controller/work_dbg/debug_top.v:1028)
[EFX-0200 WARNING] Removing redundant signal : bscan_SEL. (/home/amritansh/Downloads/efinity/2023.1/project/Dual_TX_Controller/work_dbg/debug_top.v:1029)
[EFX-0200 WARNING] Removing redundant signal : bscan_TMS. (/home/amritansh/Downloads/efinity/2023.1/project/Dual_TX_Controller/work_dbg/debug_top.v:1033)
[EFX-0200 WARNING] Removing redundant signal : trig_in_ack. (/home/amritansh/Downloads/efinity/2023.1/project/Dual_TX_Controller/work_dbg/debug_top.v:1044)
[EFX-0200 WARNING] Removing redundant signal : bscan_CAPTURE. (/home/amritansh/Downloads/efinity/2023.1/project/Dual_TX_Controller/work_dbg/debug_top.v:277)
[EFX-0200 WARNING] Removing redundant signal : bscan_DRCK. (/home/amritansh/Downloads/efinity/2023.1/project/Dual_TX_Controller/work_dbg/debug_top.v:278)
[EFX-0200 WARNING] Removing redundant signal : bscan_RUNTEST. (/home/amritansh/Downloads/efinity/2023.1/project/Dual_TX_Controller/work_dbg/debug_top.v:280)
[EFX-0200 WARNING] Removing redundant signal : bscan_TMS. (/home/amritansh/Downloads/efinity/2023.1/project/Dual_TX_Controller/work_dbg/debug_top.v:285)
[EFX-0266 WARNING] Module Instance 'la0' input pin tied to constant (trig_in=0).
[EFX-0266 WARNING] Module Instance 'la0' input pin tied to constant (trig_out_ack=0).
[EFX-0201 WARNING] Re-wiring to GND non-driven net 'la0.probe5[0]'. (/home/amritansh/Downloads/efinity/2023.1/project/Dual_TX_Controller/work_dbg/debug_top.v:95)
[EFX-0201 WARNING] Re-wiring to GND non-driven net 'la0.probe6[0]'. (/home/amritansh/Downloads/efinity/2023.1/project/Dual_TX_Controller/work_dbg/debug_top.v:95)
[EFX-0201 WARNING] Re-wiring to GND non-driven net 'la0.probe7[0]'. (/home/amritansh/Downloads/efinity/2023.1/project/Dual_TX_Controller/work_dbg/debug_top.v:95)
[EFX-0201 WARNING] Re-wiring to GND non-driven net 'la0.probe8[0]'. (/home/amritansh/Downloads/efinity/2023.1/project/Dual_TX_Controller/work_dbg/debug_top.v:95)
[EFX-0201 WARNING] Re-wiring to GND non-driven net 'la0.probe9[0]'. (/home/amritansh/Downloads/efinity/2023.1/project/Dual_TX_Controller/work_dbg/debug_top.v:95)
[EFX-0201 WARNING] Re-wiring to GND non-driven net 'la0.probe10[0]'. (/home/amritansh/Downloads/efinity/2023.1/project/Dual_TX_Controller/work_dbg/debug_top.v:95)
[EFX-0201 WARNING] Re-wiring to GND non-driven net 'la0.probe11[0]'. (/home/amritansh/Downloads/efinity/2023.1/project/Dual_TX_Controller/work_dbg/debug_top.v:95)
[EFX-0201 WARNING] Re-wiring to GND non-driven net 'la0.probe12[0]'. (/home/amritansh/Downloads/efinity/2023.1/project/Dual_TX_Controller/work_dbg/debug_top.v:95)
[EFX-0201 WARNING] Re-wiring to GND non-driven net 'la0.probe13[0]'. (/home/amritansh/Downloads/efinity/2023.1/project/Dual_TX_Controller/work_dbg/debug_top.v:95)
[EFX-0201 WARNING] Re-wiring to GND non-driven net 'la0.probe14[0]'. (/home/amritansh/Downloads/efinity/2023.1/project/Dual_TX_Controller/work_dbg/debug_top.v:95)
[EFX-0011 VERI-WARNING] Input/Inout Port bscan_DRCK is unconnected and will be removed 
[EFX-0011 VERI-WARNING] Input/Inout Port bscan_RUNTEST is unconnected and will be removed 
[EFX-0011 VERI-WARNING] Input/Inout Port bscan_TMS is unconnected and will be removed 

///////////////////////////////////
// Efinity Synthesis Started 
// Jan 01, 2024 15:53:58
///////////////////////////////////

[EFX-0200 WARNING] Removing redundant signal : bscan_TCK~O. 
[EFX-0200 WARNING] Removing redundant signal : la0_clk~O. 
[EFX-0266 WARNING] Module Instance 'uart_tx1' input pin tied to constant (i_Rst_L=1).
[EFX-0266 WARNING] Module Instance 'uart_tx2' input pin tied to constant (i_Rst_L=1).

///////////////////////////////////
// Efinity Synthesis Started 
// Jan 01, 2024 16:26:29
///////////////////////////////////

[EFX-0011 VERI-WARNING] port 'probe5' remains unconnected for this instance (VERI-1927) (/home/amritansh/Downloads/efinity/2023.1/project/Dual_TX_Controller/work_dbg/debug_top.v:120)
[EFX-0011 VERI-WARNING] expression size 256 truncated to fit in target size 64 (VERI-1209) (/home/amritansh/Downloads/efinity/2023.1/project/Dual_TX_Controller/work_dbg/debug_top.v:3589)
[EFX-0011 VERI-WARNING] actual bit length 32 differs from formal bit length 1 for port 'trigger_in' (VERI-1330) (/home/amritansh/Downloads/efinity/2023.1/project/Dual_TX_Controller/work_dbg/debug_top.v:4364)
[EFX-0011 VERI-WARNING] input port 'probe5[0]' remains unconnected for this instance (VDB-1053) (/home/amritansh/Downloads/efinity/2023.1/project/Dual_TX_Controller/work_dbg/debug_top.v:95)
[EFX-0200 WARNING] Removing redundant signal : compared_in[0]. (/home/amritansh/Downloads/efinity/2023.1/project/Dual_TX_Controller/work_dbg/debug_top.v:5459)
[EFX-0200 WARNING] Removing redundant signal : mask_in[0]. (/home/amritansh/Downloads/efinity/2023.1/project/Dual_TX_Controller/work_dbg/debug_top.v:5460)
[EFX-0200 WARNING] Removing redundant signal : trigger_in. (/home/amritansh/Downloads/efinity/2023.1/project/Dual_TX_Controller/work_dbg/debug_top.v:5670)
[EFX-0200 WARNING] Removing redundant signal : trigger_in. (/home/amritansh/Downloads/efinity/2023.1/project/Dual_TX_Controller/work_dbg/debug_top.v:5670)
[EFX-0200 WARNING] Removing redundant signal : din[29]. (/home/amritansh/Downloads/efinity/2023.1/project/Dual_TX_Controller/work_dbg/debug_top.v:4562)
[EFX-0200 WARNING] Removing redundant signal : trig_out. (/home/amritansh/Downloads/efinity/2023.1/project/Dual_TX_Controller/work_dbg/debug_top.v:4841)
[EFX-0200 WARNING] Removing redundant signal : trig_out_ack. (/home/amritansh/Downloads/efinity/2023.1/project/Dual_TX_Controller/work_dbg/debug_top.v:4842)
[EFX-0266 WARNING] Module Instance 'genblk2.global_capture_inst' input pin tied to constant (trigger_in=0).
[EFX-0200 WARNING] Removing redundant signal : bscan_DRCK. (/home/amritansh/Downloads/efinity/2023.1/project/Dual_TX_Controller/work_dbg/debug_top.v:1026)
[EFX-0200 WARNING] Removing redundant signal : bscan_RUNTEST. (/home/amritansh/Downloads/efinity/2023.1/project/Dual_TX_Controller/work_dbg/debug_top.v:1028)
[EFX-0200 WARNING] Removing redundant signal : bscan_SEL. (/home/amritansh/Downloads/efinity/2023.1/project/Dual_TX_Controller/work_dbg/debug_top.v:1029)
[EFX-0200 WARNING] Removing redundant signal : bscan_TMS. (/home/amritansh/Downloads/efinity/2023.1/project/Dual_TX_Controller/work_dbg/debug_top.v:1033)
[EFX-0200 WARNING] Removing redundant signal : trig_in_ack. (/home/amritansh/Downloads/efinity/2023.1/project/Dual_TX_Controller/work_dbg/debug_top.v:1044)
[EFX-0200 WARNING] Removing redundant signal : bscan_CAPTURE. (/home/amritansh/Downloads/efinity/2023.1/project/Dual_TX_Controller/work_dbg/debug_top.v:277)
[EFX-0200 WARNING] Removing redundant signal : bscan_DRCK. (/home/amritansh/Downloads/efinity/2023.1/project/Dual_TX_Controller/work_dbg/debug_top.v:278)
[EFX-0200 WARNING] Removing redundant signal : bscan_RUNTEST. (/home/amritansh/Downloads/efinity/2023.1/project/Dual_TX_Controller/work_dbg/debug_top.v:280)
[EFX-0200 WARNING] Removing redundant signal : bscan_TMS. (/home/amritansh/Downloads/efinity/2023.1/project/Dual_TX_Controller/work_dbg/debug_top.v:285)
[EFX-0266 WARNING] Module Instance 'la0' input pin tied to constant (trig_in=0).
[EFX-0266 WARNING] Module Instance 'la0' input pin tied to constant (trig_out_ack=0).
[EFX-0201 WARNING] Re-wiring to GND non-driven net 'la0.probe5[0]'. (/home/amritansh/Downloads/efinity/2023.1/project/Dual_TX_Controller/work_dbg/debug_top.v:95)
[EFX-0201 WARNING] Re-wiring to GND non-driven net 'la0.probe6[0]'. (/home/amritansh/Downloads/efinity/2023.1/project/Dual_TX_Controller/work_dbg/debug_top.v:95)
[EFX-0201 WARNING] Re-wiring to GND non-driven net 'la0.probe7[0]'. (/home/amritansh/Downloads/efinity/2023.1/project/Dual_TX_Controller/work_dbg/debug_top.v:95)
[EFX-0201 WARNING] Re-wiring to GND non-driven net 'la0.probe8[0]'. (/home/amritansh/Downloads/efinity/2023.1/project/Dual_TX_Controller/work_dbg/debug_top.v:95)
[EFX-0201 WARNING] Re-wiring to GND non-driven net 'la0.probe9[0]'. (/home/amritansh/Downloads/efinity/2023.1/project/Dual_TX_Controller/work_dbg/debug_top.v:95)
[EFX-0201 WARNING] Re-wiring to GND non-driven net 'la0.probe10[0]'. (/home/amritansh/Downloads/efinity/2023.1/project/Dual_TX_Controller/work_dbg/debug_top.v:95)
[EFX-0201 WARNING] Re-wiring to GND non-driven net 'la0.probe11[0]'. (/home/amritansh/Downloads/efinity/2023.1/project/Dual_TX_Controller/work_dbg/debug_top.v:95)
[EFX-0201 WARNING] Re-wiring to GND non-driven net 'la0.probe12[0]'. (/home/amritansh/Downloads/efinity/2023.1/project/Dual_TX_Controller/work_dbg/debug_top.v:95)
[EFX-0201 WARNING] Re-wiring to GND non-driven net 'la0.probe13[0]'. (/home/amritansh/Downloads/efinity/2023.1/project/Dual_TX_Controller/work_dbg/debug_top.v:95)
[EFX-0201 WARNING] Re-wiring to GND non-driven net 'la0.probe14[0]'. (/home/amritansh/Downloads/efinity/2023.1/project/Dual_TX_Controller/work_dbg/debug_top.v:95)

///////////////////////////////////
// Efinity Synthesis Started 
// Jan 01, 2024 16:27:40
///////////////////////////////////

[EFX-0011 VERI-WARNING] port 'probe5' remains unconnected for this instance (VERI-1927) (/home/amritansh/Downloads/efinity/2023.1/project/Dual_TX_Controller/work_dbg/debug_top.v:120)
[EFX-0011 VERI-WARNING] expression size 256 truncated to fit in target size 64 (VERI-1209) (/home/amritansh/Downloads/efinity/2023.1/project/Dual_TX_Controller/work_dbg/debug_top.v:3589)
[EFX-0011 VERI-WARNING] actual bit length 32 differs from formal bit length 1 for port 'trigger_in' (VERI-1330) (/home/amritansh/Downloads/efinity/2023.1/project/Dual_TX_Controller/work_dbg/debug_top.v:4364)
[EFX-0011 VERI-WARNING] input port 'probe5[0]' remains unconnected for this instance (VDB-1053) (/home/amritansh/Downloads/efinity/2023.1/project/Dual_TX_Controller/work_dbg/debug_top.v:95)
[EFX-0200 WARNING] Removing redundant signal : compared_in[0]. (/home/amritansh/Downloads/efinity/2023.1/project/Dual_TX_Controller/work_dbg/debug_top.v:5459)
[EFX-0200 WARNING] Removing redundant signal : mask_in[0]. (/home/amritansh/Downloads/efinity/2023.1/project/Dual_TX_Controller/work_dbg/debug_top.v:5460)
[EFX-0200 WARNING] Removing redundant signal : trigger_in. (/home/amritansh/Downloads/efinity/2023.1/project/Dual_TX_Controller/work_dbg/debug_top.v:5670)
[EFX-0200 WARNING] Removing redundant signal : trigger_in. (/home/amritansh/Downloads/efinity/2023.1/project/Dual_TX_Controller/work_dbg/debug_top.v:5670)
[EFX-0200 WARNING] Removing redundant signal : din[29]. (/home/amritansh/Downloads/efinity/2023.1/project/Dual_TX_Controller/work_dbg/debug_top.v:4562)
[EFX-0200 WARNING] Removing redundant signal : trig_out. (/home/amritansh/Downloads/efinity/2023.1/project/Dual_TX_Controller/work_dbg/debug_top.v:4841)
[EFX-0200 WARNING] Removing redundant signal : trig_out_ack. (/home/amritansh/Downloads/efinity/2023.1/project/Dual_TX_Controller/work_dbg/debug_top.v:4842)
[EFX-0266 WARNING] Module Instance 'genblk2.global_capture_inst' input pin tied to constant (trigger_in=0).
[EFX-0200 WARNING] Removing redundant signal : bscan_DRCK. (/home/amritansh/Downloads/efinity/2023.1/project/Dual_TX_Controller/work_dbg/debug_top.v:1026)
[EFX-0200 WARNING] Removing redundant signal : bscan_RUNTEST. (/home/amritansh/Downloads/efinity/2023.1/project/Dual_TX_Controller/work_dbg/debug_top.v:1028)
[EFX-0200 WARNING] Removing redundant signal : bscan_SEL. (/home/amritansh/Downloads/efinity/2023.1/project/Dual_TX_Controller/work_dbg/debug_top.v:1029)
[EFX-0200 WARNING] Removing redundant signal : bscan_TMS. (/home/amritansh/Downloads/efinity/2023.1/project/Dual_TX_Controller/work_dbg/debug_top.v:1033)
[EFX-0200 WARNING] Removing redundant signal : trig_in_ack. (/home/amritansh/Downloads/efinity/2023.1/project/Dual_TX_Controller/work_dbg/debug_top.v:1044)
[EFX-0200 WARNING] Removing redundant signal : bscan_CAPTURE. (/home/amritansh/Downloads/efinity/2023.1/project/Dual_TX_Controller/work_dbg/debug_top.v:277)
[EFX-0200 WARNING] Removing redundant signal : bscan_DRCK. (/home/amritansh/Downloads/efinity/2023.1/project/Dual_TX_Controller/work_dbg/debug_top.v:278)
[EFX-0200 WARNING] Removing redundant signal : bscan_RUNTEST. (/home/amritansh/Downloads/efinity/2023.1/project/Dual_TX_Controller/work_dbg/debug_top.v:280)
[EFX-0200 WARNING] Removing redundant signal : bscan_TMS. (/home/amritansh/Downloads/efinity/2023.1/project/Dual_TX_Controller/work_dbg/debug_top.v:285)
[EFX-0266 WARNING] Module Instance 'la0' input pin tied to constant (trig_in=0).
[EFX-0266 WARNING] Module Instance 'la0' input pin tied to constant (trig_out_ack=0).
[EFX-0201 WARNING] Re-wiring to GND non-driven net 'la0.probe5[0]'. (/home/amritansh/Downloads/efinity/2023.1/project/Dual_TX_Controller/work_dbg/debug_top.v:95)
[EFX-0201 WARNING] Re-wiring to GND non-driven net 'la0.probe6[0]'. (/home/amritansh/Downloads/efinity/2023.1/project/Dual_TX_Controller/work_dbg/debug_top.v:95)
[EFX-0201 WARNING] Re-wiring to GND non-driven net 'la0.probe7[0]'. (/home/amritansh/Downloads/efinity/2023.1/project/Dual_TX_Controller/work_dbg/debug_top.v:95)
[EFX-0201 WARNING] Re-wiring to GND non-driven net 'la0.probe8[0]'. (/home/amritansh/Downloads/efinity/2023.1/project/Dual_TX_Controller/work_dbg/debug_top.v:95)
[EFX-0201 WARNING] Re-wiring to GND non-driven net 'la0.probe9[0]'. (/home/amritansh/Downloads/efinity/2023.1/project/Dual_TX_Controller/work_dbg/debug_top.v:95)
[EFX-0201 WARNING] Re-wiring to GND non-driven net 'la0.probe10[0]'. (/home/amritansh/Downloads/efinity/2023.1/project/Dual_TX_Controller/work_dbg/debug_top.v:95)
[EFX-0201 WARNING] Re-wiring to GND non-driven net 'la0.probe11[0]'. (/home/amritansh/Downloads/efinity/2023.1/project/Dual_TX_Controller/work_dbg/debug_top.v:95)
[EFX-0201 WARNING] Re-wiring to GND non-driven net 'la0.probe12[0]'. (/home/amritansh/Downloads/efinity/2023.1/project/Dual_TX_Controller/work_dbg/debug_top.v:95)
[EFX-0201 WARNING] Re-wiring to GND non-driven net 'la0.probe13[0]'. (/home/amritansh/Downloads/efinity/2023.1/project/Dual_TX_Controller/work_dbg/debug_top.v:95)
[EFX-0201 WARNING] Re-wiring to GND non-driven net 'la0.probe14[0]'. (/home/amritansh/Downloads/efinity/2023.1/project/Dual_TX_Controller/work_dbg/debug_top.v:95)
[EFX-0011 VERI-WARNING] Input/Inout Port bscan_DRCK is unconnected and will be removed 
[EFX-0011 VERI-WARNING] Input/Inout Port bscan_RUNTEST is unconnected and will be removed 
[EFX-0011 VERI-WARNING] Input/Inout Port bscan_TMS is unconnected and will be removed 

///////////////////////////////////
// Efinity Synthesis Started 
// Jan 01, 2024 16:28:07
///////////////////////////////////

[EFX-0200 WARNING] Removing redundant signal : la0_clk~O. 
[EFX-0200 WARNING] Removing redundant signal : bscan_TCK~O. 
[EFX-0266 WARNING] Module Instance 'uart_tx1' input pin tied to constant (i_Rst_L=1).
[EFX-0266 WARNING] Module Instance 'uart_tx2' input pin tied to constant (i_Rst_L=1).

///////////////////////////////////
// Efinity Synthesis Started 
// Jan 01, 2024 16:43:19
///////////////////////////////////

[EFX-0011 VERI-WARNING] port 'probe5' remains unconnected for this instance (VERI-1927) (/home/amritansh/Downloads/efinity/2023.1/project/Dual_TX_Controller/work_dbg/debug_top.v:120)
[EFX-0011 VERI-WARNING] expression size 256 truncated to fit in target size 64 (VERI-1209) (/home/amritansh/Downloads/efinity/2023.1/project/Dual_TX_Controller/work_dbg/debug_top.v:3589)
[EFX-0011 VERI-WARNING] actual bit length 32 differs from formal bit length 1 for port 'trigger_in' (VERI-1330) (/home/amritansh/Downloads/efinity/2023.1/project/Dual_TX_Controller/work_dbg/debug_top.v:4364)
[EFX-0011 VERI-WARNING] input port 'probe5[0]' remains unconnected for this instance (VDB-1053) (/home/amritansh/Downloads/efinity/2023.1/project/Dual_TX_Controller/work_dbg/debug_top.v:95)
[EFX-0200 WARNING] Removing redundant signal : compared_in[0]. (/home/amritansh/Downloads/efinity/2023.1/project/Dual_TX_Controller/work_dbg/debug_top.v:5459)
[EFX-0200 WARNING] Removing redundant signal : mask_in[0]. (/home/amritansh/Downloads/efinity/2023.1/project/Dual_TX_Controller/work_dbg/debug_top.v:5460)
[EFX-0200 WARNING] Removing redundant signal : trigger_in. (/home/amritansh/Downloads/efinity/2023.1/project/Dual_TX_Controller/work_dbg/debug_top.v:5670)
[EFX-0200 WARNING] Removing redundant signal : trigger_in. (/home/amritansh/Downloads/efinity/2023.1/project/Dual_TX_Controller/work_dbg/debug_top.v:5670)
[EFX-0200 WARNING] Removing redundant signal : din[29]. (/home/amritansh/Downloads/efinity/2023.1/project/Dual_TX_Controller/work_dbg/debug_top.v:4562)
[EFX-0200 WARNING] Removing redundant signal : trig_out. (/home/amritansh/Downloads/efinity/2023.1/project/Dual_TX_Controller/work_dbg/debug_top.v:4841)
[EFX-0200 WARNING] Removing redundant signal : trig_out_ack. (/home/amritansh/Downloads/efinity/2023.1/project/Dual_TX_Controller/work_dbg/debug_top.v:4842)
[EFX-0266 WARNING] Module Instance 'genblk2.global_capture_inst' input pin tied to constant (trigger_in=0).
[EFX-0200 WARNING] Removing redundant signal : bscan_DRCK. (/home/amritansh/Downloads/efinity/2023.1/project/Dual_TX_Controller/work_dbg/debug_top.v:1026)
[EFX-0200 WARNING] Removing redundant signal : bscan_RUNTEST. (/home/amritansh/Downloads/efinity/2023.1/project/Dual_TX_Controller/work_dbg/debug_top.v:1028)
[EFX-0200 WARNING] Removing redundant signal : bscan_SEL. (/home/amritansh/Downloads/efinity/2023.1/project/Dual_TX_Controller/work_dbg/debug_top.v:1029)
[EFX-0200 WARNING] Removing redundant signal : bscan_TMS. (/home/amritansh/Downloads/efinity/2023.1/project/Dual_TX_Controller/work_dbg/debug_top.v:1033)
[EFX-0200 WARNING] Removing redundant signal : trig_in_ack. (/home/amritansh/Downloads/efinity/2023.1/project/Dual_TX_Controller/work_dbg/debug_top.v:1044)
[EFX-0200 WARNING] Removing redundant signal : bscan_CAPTURE. (/home/amritansh/Downloads/efinity/2023.1/project/Dual_TX_Controller/work_dbg/debug_top.v:277)
[EFX-0200 WARNING] Removing redundant signal : bscan_DRCK. (/home/amritansh/Downloads/efinity/2023.1/project/Dual_TX_Controller/work_dbg/debug_top.v:278)
[EFX-0200 WARNING] Removing redundant signal : bscan_RUNTEST. (/home/amritansh/Downloads/efinity/2023.1/project/Dual_TX_Controller/work_dbg/debug_top.v:280)
[EFX-0200 WARNING] Removing redundant signal : bscan_TMS. (/home/amritansh/Downloads/efinity/2023.1/project/Dual_TX_Controller/work_dbg/debug_top.v:285)
[EFX-0266 WARNING] Module Instance 'la0' input pin tied to constant (trig_in=0).
[EFX-0266 WARNING] Module Instance 'la0' input pin tied to constant (trig_out_ack=0).
[EFX-0201 WARNING] Re-wiring to GND non-driven net 'la0.probe5[0]'. (/home/amritansh/Downloads/efinity/2023.1/project/Dual_TX_Controller/work_dbg/debug_top.v:95)
[EFX-0201 WARNING] Re-wiring to GND non-driven net 'la0.probe6[0]'. (/home/amritansh/Downloads/efinity/2023.1/project/Dual_TX_Controller/work_dbg/debug_top.v:95)
[EFX-0201 WARNING] Re-wiring to GND non-driven net 'la0.probe7[0]'. (/home/amritansh/Downloads/efinity/2023.1/project/Dual_TX_Controller/work_dbg/debug_top.v:95)
[EFX-0201 WARNING] Re-wiring to GND non-driven net 'la0.probe8[0]'. (/home/amritansh/Downloads/efinity/2023.1/project/Dual_TX_Controller/work_dbg/debug_top.v:95)
[EFX-0201 WARNING] Re-wiring to GND non-driven net 'la0.probe9[0]'. (/home/amritansh/Downloads/efinity/2023.1/project/Dual_TX_Controller/work_dbg/debug_top.v:95)
[EFX-0201 WARNING] Re-wiring to GND non-driven net 'la0.probe10[0]'. (/home/amritansh/Downloads/efinity/2023.1/project/Dual_TX_Controller/work_dbg/debug_top.v:95)
[EFX-0201 WARNING] Re-wiring to GND non-driven net 'la0.probe11[0]'. (/home/amritansh/Downloads/efinity/2023.1/project/Dual_TX_Controller/work_dbg/debug_top.v:95)
[EFX-0201 WARNING] Re-wiring to GND non-driven net 'la0.probe12[0]'. (/home/amritansh/Downloads/efinity/2023.1/project/Dual_TX_Controller/work_dbg/debug_top.v:95)
[EFX-0201 WARNING] Re-wiring to GND non-driven net 'la0.probe13[0]'. (/home/amritansh/Downloads/efinity/2023.1/project/Dual_TX_Controller/work_dbg/debug_top.v:95)
[EFX-0201 WARNING] Re-wiring to GND non-driven net 'la0.probe14[0]'. (/home/amritansh/Downloads/efinity/2023.1/project/Dual_TX_Controller/work_dbg/debug_top.v:95)
[EFX-0011 VERI-WARNING] Input/Inout Port bscan_DRCK is unconnected and will be removed 
[EFX-0011 VERI-WARNING] Input/Inout Port bscan_RUNTEST is unconnected and will be removed 
[EFX-0011 VERI-WARNING] Input/Inout Port bscan_TMS is unconnected and will be removed 

///////////////////////////////////
// Efinity Synthesis Started 
// Jan 01, 2024 16:43:46
///////////////////////////////////

[EFX-0200 WARNING] Removing redundant signal : bscan_TCK~O. 
[EFX-0200 WARNING] Removing redundant signal : la0_clk~O. 
[EFX-0266 WARNING] Module Instance 'uart_tx1' input pin tied to constant (i_Rst_L=1).
[EFX-0266 WARNING] Module Instance 'uart_tx2' input pin tied to constant (i_Rst_L=1).

///////////////////////////////////
// Efinity Synthesis Started 
// Jan 01, 2024 16:55:24
///////////////////////////////////

[EFX-0011 VERI-WARNING] port 'probe5' remains unconnected for this instance (VERI-1927) (/home/amritansh/Downloads/efinity/2023.1/project/Dual_TX_Controller/work_dbg/debug_top.v:120)
[EFX-0011 VERI-WARNING] expression size 256 truncated to fit in target size 64 (VERI-1209) (/home/amritansh/Downloads/efinity/2023.1/project/Dual_TX_Controller/work_dbg/debug_top.v:3589)
[EFX-0011 VERI-WARNING] actual bit length 32 differs from formal bit length 1 for port 'trigger_in' (VERI-1330) (/home/amritansh/Downloads/efinity/2023.1/project/Dual_TX_Controller/work_dbg/debug_top.v:4364)
[EFX-0011 VERI-WARNING] input port 'probe5[0]' remains unconnected for this instance (VDB-1053) (/home/amritansh/Downloads/efinity/2023.1/project/Dual_TX_Controller/work_dbg/debug_top.v:95)
[EFX-0200 WARNING] Removing redundant signal : compared_in[0]. (/home/amritansh/Downloads/efinity/2023.1/project/Dual_TX_Controller/work_dbg/debug_top.v:5459)
[EFX-0200 WARNING] Removing redundant signal : mask_in[0]. (/home/amritansh/Downloads/efinity/2023.1/project/Dual_TX_Controller/work_dbg/debug_top.v:5460)
[EFX-0200 WARNING] Removing redundant signal : trigger_in. (/home/amritansh/Downloads/efinity/2023.1/project/Dual_TX_Controller/work_dbg/debug_top.v:5670)
[EFX-0200 WARNING] Removing redundant signal : trigger_in. (/home/amritansh/Downloads/efinity/2023.1/project/Dual_TX_Controller/work_dbg/debug_top.v:5670)
[EFX-0200 WARNING] Removing redundant signal : din[29]. (/home/amritansh/Downloads/efinity/2023.1/project/Dual_TX_Controller/work_dbg/debug_top.v:4562)
[EFX-0200 WARNING] Removing redundant signal : trig_out. (/home/amritansh/Downloads/efinity/2023.1/project/Dual_TX_Controller/work_dbg/debug_top.v:4841)
[EFX-0200 WARNING] Removing redundant signal : trig_out_ack. (/home/amritansh/Downloads/efinity/2023.1/project/Dual_TX_Controller/work_dbg/debug_top.v:4842)
[EFX-0266 WARNING] Module Instance 'genblk2.global_capture_inst' input pin tied to constant (trigger_in=0).
[EFX-0200 WARNING] Removing redundant signal : bscan_DRCK. (/home/amritansh/Downloads/efinity/2023.1/project/Dual_TX_Controller/work_dbg/debug_top.v:1026)
[EFX-0200 WARNING] Removing redundant signal : bscan_RUNTEST. (/home/amritansh/Downloads/efinity/2023.1/project/Dual_TX_Controller/work_dbg/debug_top.v:1028)
[EFX-0200 WARNING] Removing redundant signal : bscan_SEL. (/home/amritansh/Downloads/efinity/2023.1/project/Dual_TX_Controller/work_dbg/debug_top.v:1029)
[EFX-0200 WARNING] Removing redundant signal : bscan_TMS. (/home/amritansh/Downloads/efinity/2023.1/project/Dual_TX_Controller/work_dbg/debug_top.v:1033)
[EFX-0200 WARNING] Removing redundant signal : trig_in_ack. (/home/amritansh/Downloads/efinity/2023.1/project/Dual_TX_Controller/work_dbg/debug_top.v:1044)
[EFX-0200 WARNING] Removing redundant signal : bscan_CAPTURE. (/home/amritansh/Downloads/efinity/2023.1/project/Dual_TX_Controller/work_dbg/debug_top.v:277)
[EFX-0200 WARNING] Removing redundant signal : bscan_DRCK. (/home/amritansh/Downloads/efinity/2023.1/project/Dual_TX_Controller/work_dbg/debug_top.v:278)
[EFX-0200 WARNING] Removing redundant signal : bscan_RUNTEST. (/home/amritansh/Downloads/efinity/2023.1/project/Dual_TX_Controller/work_dbg/debug_top.v:280)
[EFX-0200 WARNING] Removing redundant signal : bscan_TMS. (/home/amritansh/Downloads/efinity/2023.1/project/Dual_TX_Controller/work_dbg/debug_top.v:285)
[EFX-0266 WARNING] Module Instance 'la0' input pin tied to constant (trig_in=0).
[EFX-0266 WARNING] Module Instance 'la0' input pin tied to constant (trig_out_ack=0).
[EFX-0201 WARNING] Re-wiring to GND non-driven net 'la0.probe5[0]'. (/home/amritansh/Downloads/efinity/2023.1/project/Dual_TX_Controller/work_dbg/debug_top.v:95)
[EFX-0201 WARNING] Re-wiring to GND non-driven net 'la0.probe6[0]'. (/home/amritansh/Downloads/efinity/2023.1/project/Dual_TX_Controller/work_dbg/debug_top.v:95)
[EFX-0201 WARNING] Re-wiring to GND non-driven net 'la0.probe7[0]'. (/home/amritansh/Downloads/efinity/2023.1/project/Dual_TX_Controller/work_dbg/debug_top.v:95)
[EFX-0201 WARNING] Re-wiring to GND non-driven net 'la0.probe8[0]'. (/home/amritansh/Downloads/efinity/2023.1/project/Dual_TX_Controller/work_dbg/debug_top.v:95)
[EFX-0201 WARNING] Re-wiring to GND non-driven net 'la0.probe9[0]'. (/home/amritansh/Downloads/efinity/2023.1/project/Dual_TX_Controller/work_dbg/debug_top.v:95)
[EFX-0201 WARNING] Re-wiring to GND non-driven net 'la0.probe10[0]'. (/home/amritansh/Downloads/efinity/2023.1/project/Dual_TX_Controller/work_dbg/debug_top.v:95)
[EFX-0201 WARNING] Re-wiring to GND non-driven net 'la0.probe11[0]'. (/home/amritansh/Downloads/efinity/2023.1/project/Dual_TX_Controller/work_dbg/debug_top.v:95)
[EFX-0201 WARNING] Re-wiring to GND non-driven net 'la0.probe12[0]'. (/home/amritansh/Downloads/efinity/2023.1/project/Dual_TX_Controller/work_dbg/debug_top.v:95)
[EFX-0201 WARNING] Re-wiring to GND non-driven net 'la0.probe13[0]'. (/home/amritansh/Downloads/efinity/2023.1/project/Dual_TX_Controller/work_dbg/debug_top.v:95)
[EFX-0201 WARNING] Re-wiring to GND non-driven net 'la0.probe14[0]'. (/home/amritansh/Downloads/efinity/2023.1/project/Dual_TX_Controller/work_dbg/debug_top.v:95)
[EFX-0011 VERI-WARNING] Input/Inout Port bscan_DRCK is unconnected and will be removed 
[EFX-0011 VERI-WARNING] Input/Inout Port bscan_RUNTEST is unconnected and will be removed 
[EFX-0011 VERI-WARNING] Input/Inout Port bscan_TMS is unconnected and will be removed 

///////////////////////////////////
// Efinity Synthesis Started 
// Jan 01, 2024 16:55:51
///////////////////////////////////

[EFX-0200 WARNING] Removing redundant signal : la0_clk~O. 
[EFX-0200 WARNING] Removing redundant signal : bscan_TCK~O. 
[EFX-0266 WARNING] Module Instance 'uart_tx1' input pin tied to constant (i_Rst_L=1).
[EFX-0266 WARNING] Module Instance 'uart_tx2' input pin tied to constant (i_Rst_L=1).

///////////////////////////////////
// Efinity Synthesis Started 
// Jan 01, 2024 17:11:58
///////////////////////////////////

[EFX-0011 VERI-WARNING] port 'probe5' remains unconnected for this instance (VERI-1927) (/home/amritansh/Downloads/efinity/2023.1/project/Dual_TX_Controller/work_dbg/debug_top.v:120)
[EFX-0011 VERI-WARNING] expression size 256 truncated to fit in target size 64 (VERI-1209) (/home/amritansh/Downloads/efinity/2023.1/project/Dual_TX_Controller/work_dbg/debug_top.v:3589)
[EFX-0011 VERI-WARNING] actual bit length 32 differs from formal bit length 1 for port 'trigger_in' (VERI-1330) (/home/amritansh/Downloads/efinity/2023.1/project/Dual_TX_Controller/work_dbg/debug_top.v:4364)
[EFX-0011 VERI-WARNING] input port 'probe5[0]' remains unconnected for this instance (VDB-1053) (/home/amritansh/Downloads/efinity/2023.1/project/Dual_TX_Controller/work_dbg/debug_top.v:95)
[EFX-0200 WARNING] Removing redundant signal : compared_in[0]. (/home/amritansh/Downloads/efinity/2023.1/project/Dual_TX_Controller/work_dbg/debug_top.v:5459)
[EFX-0200 WARNING] Removing redundant signal : mask_in[0]. (/home/amritansh/Downloads/efinity/2023.1/project/Dual_TX_Controller/work_dbg/debug_top.v:5460)
[EFX-0200 WARNING] Removing redundant signal : trigger_in. (/home/amritansh/Downloads/efinity/2023.1/project/Dual_TX_Controller/work_dbg/debug_top.v:5670)
[EFX-0200 WARNING] Removing redundant signal : trigger_in. (/home/amritansh/Downloads/efinity/2023.1/project/Dual_TX_Controller/work_dbg/debug_top.v:5670)
[EFX-0200 WARNING] Removing redundant signal : din[29]. (/home/amritansh/Downloads/efinity/2023.1/project/Dual_TX_Controller/work_dbg/debug_top.v:4562)
[EFX-0200 WARNING] Removing redundant signal : trig_out. (/home/amritansh/Downloads/efinity/2023.1/project/Dual_TX_Controller/work_dbg/debug_top.v:4841)
[EFX-0200 WARNING] Removing redundant signal : trig_out_ack. (/home/amritansh/Downloads/efinity/2023.1/project/Dual_TX_Controller/work_dbg/debug_top.v:4842)
[EFX-0266 WARNING] Module Instance 'genblk2.global_capture_inst' input pin tied to constant (trigger_in=0).
[EFX-0200 WARNING] Removing redundant signal : bscan_DRCK. (/home/amritansh/Downloads/efinity/2023.1/project/Dual_TX_Controller/work_dbg/debug_top.v:1026)
[EFX-0200 WARNING] Removing redundant signal : bscan_RUNTEST. (/home/amritansh/Downloads/efinity/2023.1/project/Dual_TX_Controller/work_dbg/debug_top.v:1028)
[EFX-0200 WARNING] Removing redundant signal : bscan_SEL. (/home/amritansh/Downloads/efinity/2023.1/project/Dual_TX_Controller/work_dbg/debug_top.v:1029)
[EFX-0200 WARNING] Removing redundant signal : bscan_TMS. (/home/amritansh/Downloads/efinity/2023.1/project/Dual_TX_Controller/work_dbg/debug_top.v:1033)
[EFX-0200 WARNING] Removing redundant signal : trig_in_ack. (/home/amritansh/Downloads/efinity/2023.1/project/Dual_TX_Controller/work_dbg/debug_top.v:1044)
[EFX-0200 WARNING] Removing redundant signal : bscan_CAPTURE. (/home/amritansh/Downloads/efinity/2023.1/project/Dual_TX_Controller/work_dbg/debug_top.v:277)
[EFX-0200 WARNING] Removing redundant signal : bscan_DRCK. (/home/amritansh/Downloads/efinity/2023.1/project/Dual_TX_Controller/work_dbg/debug_top.v:278)
[EFX-0200 WARNING] Removing redundant signal : bscan_RUNTEST. (/home/amritansh/Downloads/efinity/2023.1/project/Dual_TX_Controller/work_dbg/debug_top.v:280)
[EFX-0200 WARNING] Removing redundant signal : bscan_TMS. (/home/amritansh/Downloads/efinity/2023.1/project/Dual_TX_Controller/work_dbg/debug_top.v:285)
[EFX-0266 WARNING] Module Instance 'la0' input pin tied to constant (trig_in=0).
[EFX-0266 WARNING] Module Instance 'la0' input pin tied to constant (trig_out_ack=0).
[EFX-0201 WARNING] Re-wiring to GND non-driven net 'la0.probe5[0]'. (/home/amritansh/Downloads/efinity/2023.1/project/Dual_TX_Controller/work_dbg/debug_top.v:95)
[EFX-0201 WARNING] Re-wiring to GND non-driven net 'la0.probe6[0]'. (/home/amritansh/Downloads/efinity/2023.1/project/Dual_TX_Controller/work_dbg/debug_top.v:95)
[EFX-0201 WARNING] Re-wiring to GND non-driven net 'la0.probe7[0]'. (/home/amritansh/Downloads/efinity/2023.1/project/Dual_TX_Controller/work_dbg/debug_top.v:95)
[EFX-0201 WARNING] Re-wiring to GND non-driven net 'la0.probe8[0]'. (/home/amritansh/Downloads/efinity/2023.1/project/Dual_TX_Controller/work_dbg/debug_top.v:95)
[EFX-0201 WARNING] Re-wiring to GND non-driven net 'la0.probe9[0]'. (/home/amritansh/Downloads/efinity/2023.1/project/Dual_TX_Controller/work_dbg/debug_top.v:95)
[EFX-0201 WARNING] Re-wiring to GND non-driven net 'la0.probe10[0]'. (/home/amritansh/Downloads/efinity/2023.1/project/Dual_TX_Controller/work_dbg/debug_top.v:95)
[EFX-0201 WARNING] Re-wiring to GND non-driven net 'la0.probe11[0]'. (/home/amritansh/Downloads/efinity/2023.1/project/Dual_TX_Controller/work_dbg/debug_top.v:95)
[EFX-0201 WARNING] Re-wiring to GND non-driven net 'la0.probe12[0]'. (/home/amritansh/Downloads/efinity/2023.1/project/Dual_TX_Controller/work_dbg/debug_top.v:95)
[EFX-0201 WARNING] Re-wiring to GND non-driven net 'la0.probe13[0]'. (/home/amritansh/Downloads/efinity/2023.1/project/Dual_TX_Controller/work_dbg/debug_top.v:95)
[EFX-0201 WARNING] Re-wiring to GND non-driven net 'la0.probe14[0]'. (/home/amritansh/Downloads/efinity/2023.1/project/Dual_TX_Controller/work_dbg/debug_top.v:95)
[EFX-0011 VERI-WARNING] Input/Inout Port bscan_DRCK is unconnected and will be removed 
[EFX-0011 VERI-WARNING] Input/Inout Port bscan_RUNTEST is unconnected and will be removed 
[EFX-0011 VERI-WARNING] Input/Inout Port bscan_TMS is unconnected and will be removed 

///////////////////////////////////
// Efinity Synthesis Started 
// Jan 01, 2024 17:12:26
///////////////////////////////////

[EFX-0200 WARNING] Removing redundant signal : la0_clk~O. 
[EFX-0200 WARNING] Removing redundant signal : bscan_TCK~O. 
[EFX-0266 WARNING] Module Instance 'uart_tx1' input pin tied to constant (i_Rst_L=1).
[EFX-0266 WARNING] Module Instance 'uart_tx2' input pin tied to constant (i_Rst_L=1).

///////////////////////////////////
// Efinity Synthesis Started 
// Jan 01, 2024 17:30:22
///////////////////////////////////

[EFX-0011 VERI-WARNING] port 'probe5' remains unconnected for this instance (VERI-1927) (/home/amritansh/Downloads/efinity/2023.1/project/Dual_TX_Controller/work_dbg/debug_top.v:120)
[EFX-0011 VERI-WARNING] expression size 256 truncated to fit in target size 64 (VERI-1209) (/home/amritansh/Downloads/efinity/2023.1/project/Dual_TX_Controller/work_dbg/debug_top.v:3589)
[EFX-0011 VERI-WARNING] actual bit length 32 differs from formal bit length 1 for port 'trigger_in' (VERI-1330) (/home/amritansh/Downloads/efinity/2023.1/project/Dual_TX_Controller/work_dbg/debug_top.v:4364)
[EFX-0011 VERI-WARNING] input port 'probe5[0]' remains unconnected for this instance (VDB-1053) (/home/amritansh/Downloads/efinity/2023.1/project/Dual_TX_Controller/work_dbg/debug_top.v:95)
[EFX-0200 WARNING] Removing redundant signal : compared_in[0]. (/home/amritansh/Downloads/efinity/2023.1/project/Dual_TX_Controller/work_dbg/debug_top.v:5459)
[EFX-0200 WARNING] Removing redundant signal : mask_in[0]. (/home/amritansh/Downloads/efinity/2023.1/project/Dual_TX_Controller/work_dbg/debug_top.v:5460)
[EFX-0200 WARNING] Removing redundant signal : trigger_in. (/home/amritansh/Downloads/efinity/2023.1/project/Dual_TX_Controller/work_dbg/debug_top.v:5670)
[EFX-0200 WARNING] Removing redundant signal : trigger_in. (/home/amritansh/Downloads/efinity/2023.1/project/Dual_TX_Controller/work_dbg/debug_top.v:5670)
[EFX-0200 WARNING] Removing redundant signal : din[29]. (/home/amritansh/Downloads/efinity/2023.1/project/Dual_TX_Controller/work_dbg/debug_top.v:4562)
[EFX-0200 WARNING] Removing redundant signal : trig_out. (/home/amritansh/Downloads/efinity/2023.1/project/Dual_TX_Controller/work_dbg/debug_top.v:4841)
[EFX-0200 WARNING] Removing redundant signal : trig_out_ack. (/home/amritansh/Downloads/efinity/2023.1/project/Dual_TX_Controller/work_dbg/debug_top.v:4842)
[EFX-0266 WARNING] Module Instance 'genblk2.global_capture_inst' input pin tied to constant (trigger_in=0).
[EFX-0200 WARNING] Removing redundant signal : bscan_DRCK. (/home/amritansh/Downloads/efinity/2023.1/project/Dual_TX_Controller/work_dbg/debug_top.v:1026)
[EFX-0200 WARNING] Removing redundant signal : bscan_RUNTEST. (/home/amritansh/Downloads/efinity/2023.1/project/Dual_TX_Controller/work_dbg/debug_top.v:1028)
[EFX-0200 WARNING] Removing redundant signal : bscan_SEL. (/home/amritansh/Downloads/efinity/2023.1/project/Dual_TX_Controller/work_dbg/debug_top.v:1029)
[EFX-0200 WARNING] Removing redundant signal : bscan_TMS. (/home/amritansh/Downloads/efinity/2023.1/project/Dual_TX_Controller/work_dbg/debug_top.v:1033)
[EFX-0200 WARNING] Removing redundant signal : trig_in_ack. (/home/amritansh/Downloads/efinity/2023.1/project/Dual_TX_Controller/work_dbg/debug_top.v:1044)
[EFX-0200 WARNING] Removing redundant signal : bscan_CAPTURE. (/home/amritansh/Downloads/efinity/2023.1/project/Dual_TX_Controller/work_dbg/debug_top.v:277)
[EFX-0200 WARNING] Removing redundant signal : bscan_DRCK. (/home/amritansh/Downloads/efinity/2023.1/project/Dual_TX_Controller/work_dbg/debug_top.v:278)
[EFX-0200 WARNING] Removing redundant signal : bscan_RUNTEST. (/home/amritansh/Downloads/efinity/2023.1/project/Dual_TX_Controller/work_dbg/debug_top.v:280)
[EFX-0200 WARNING] Removing redundant signal : bscan_TMS. (/home/amritansh/Downloads/efinity/2023.1/project/Dual_TX_Controller/work_dbg/debug_top.v:285)
[EFX-0266 WARNING] Module Instance 'la0' input pin tied to constant (trig_in=0).
[EFX-0266 WARNING] Module Instance 'la0' input pin tied to constant (trig_out_ack=0).
[EFX-0201 WARNING] Re-wiring to GND non-driven net 'la0.probe5[0]'. (/home/amritansh/Downloads/efinity/2023.1/project/Dual_TX_Controller/work_dbg/debug_top.v:95)
[EFX-0201 WARNING] Re-wiring to GND non-driven net 'la0.probe6[0]'. (/home/amritansh/Downloads/efinity/2023.1/project/Dual_TX_Controller/work_dbg/debug_top.v:95)
[EFX-0201 WARNING] Re-wiring to GND non-driven net 'la0.probe7[0]'. (/home/amritansh/Downloads/efinity/2023.1/project/Dual_TX_Controller/work_dbg/debug_top.v:95)
[EFX-0201 WARNING] Re-wiring to GND non-driven net 'la0.probe8[0]'. (/home/amritansh/Downloads/efinity/2023.1/project/Dual_TX_Controller/work_dbg/debug_top.v:95)
[EFX-0201 WARNING] Re-wiring to GND non-driven net 'la0.probe9[0]'. (/home/amritansh/Downloads/efinity/2023.1/project/Dual_TX_Controller/work_dbg/debug_top.v:95)
[EFX-0201 WARNING] Re-wiring to GND non-driven net 'la0.probe10[0]'. (/home/amritansh/Downloads/efinity/2023.1/project/Dual_TX_Controller/work_dbg/debug_top.v:95)
[EFX-0201 WARNING] Re-wiring to GND non-driven net 'la0.probe11[0]'. (/home/amritansh/Downloads/efinity/2023.1/project/Dual_TX_Controller/work_dbg/debug_top.v:95)
[EFX-0201 WARNING] Re-wiring to GND non-driven net 'la0.probe12[0]'. (/home/amritansh/Downloads/efinity/2023.1/project/Dual_TX_Controller/work_dbg/debug_top.v:95)
[EFX-0201 WARNING] Re-wiring to GND non-driven net 'la0.probe13[0]'. (/home/amritansh/Downloads/efinity/2023.1/project/Dual_TX_Controller/work_dbg/debug_top.v:95)
[EFX-0201 WARNING] Re-wiring to GND non-driven net 'la0.probe14[0]'. (/home/amritansh/Downloads/efinity/2023.1/project/Dual_TX_Controller/work_dbg/debug_top.v:95)
[EFX-0011 VERI-WARNING] Input/Inout Port bscan_DRCK is unconnected and will be removed 
[EFX-0011 VERI-WARNING] Input/Inout Port bscan_RUNTEST is unconnected and will be removed 
[EFX-0011 VERI-WARNING] Input/Inout Port bscan_TMS is unconnected and will be removed 

///////////////////////////////////
// Efinity Synthesis Started 
// Jan 01, 2024 17:30:49
///////////////////////////////////

[EFX-0200 WARNING] Removing redundant signal : la0_clk~O. 
[EFX-0200 WARNING] Removing redundant signal : bscan_TCK~O. 
[EFX-0266 WARNING] Module Instance 'uart_tx1' input pin tied to constant (i_Rst_L=1).
[EFX-0266 WARNING] Module Instance 'uart_tx2' input pin tied to constant (i_Rst_L=1).
